<?xml version="1.0" encoding="UTF-8"?>
<testsuite name="dev.scalar.trawler.server.JSONLDTest" tests="1" skipped="0" failures="0" errors="0" timestamp="2021-07-31T19:35:15" hostname="alex-nuc" time="1.314">
  <properties/>
  <testcase name="it_works()" classname="dev.scalar.trawler.server.JSONLDTest" time="1.314"/>
  <system-out><![CDATA[[ {
  "@id" : "urn:tr:table:postgresql/localhost/postgres/information_schema/sql_packages",
  "@type" : [ "http://trawler.dev/schema/core/0.1#Table" ],
  "http://schema.org/name" : [ {
    "@value" : "sql_packages"
  } ],
  "http://trawler.dev/schema/core/0.1#hasFields" : [ {
    "@id" : "urn:tr:field:postgresql/localhost/postgres/information_schema/sql_packages/feature_id"
  }, {
    "@id" : "urn:tr:field:postgresql/localhost/postgres/information_schema/sql_packages/feature_name"
  }, {
    "@id" : "urn:tr:field:postgresql/localhost/postgres/information_schema/sql_packages/is_supported"
  }, {
    "@id" : "urn:tr:field:postgresql/localhost/postgres/information_schema/sql_packages/is_verified_by"
  }, {
    "@id" : "urn:tr:field:postgresql/localhost/postgres/information_schema/sql_packages/comments"
  } ]
}, {
  "@id" : "urn:tr:field:postgresql/localhost/postgres/information_schema/sql_packages/feature_id",
  "http://schema.org/name" : [ {
    "@value" : "feature_id"
  } ],
  "http://trawler.dev/schema/core/0.1#isNullable" : [ {
    "@value" : true
  } ],
  "http://trawler.dev/schema/core/0.1#relations" : [ ],
  "http://trawler.dev/schema/core/0.1#type" : [ {
    "@value" : "VARCHAR"
  } ]
}, {
  "@id" : "urn:tr:field:postgresql/localhost/postgres/information_schema/sql_packages/feature_name",
  "http://schema.org/name" : [ {
    "@value" : "feature_name"
  } ],
  "http://trawler.dev/schema/core/0.1#isNullable" : [ {
    "@value" : true
  } ],
  "http://trawler.dev/schema/core/0.1#relations" : [ ],
  "http://trawler.dev/schema/core/0.1#type" : [ {
    "@value" : "VARCHAR"
  } ]
}, {
  "@id" : "urn:tr:field:postgresql/localhost/postgres/information_schema/sql_packages/is_supported",
  "http://schema.org/name" : [ {
    "@value" : "is_supported"
  } ],
  "http://trawler.dev/schema/core/0.1#isNullable" : [ {
    "@value" : true
  } ],
  "http://trawler.dev/schema/core/0.1#relations" : [ ],
  "http://trawler.dev/schema/core/0.1#type" : [ {
    "@value" : "VARCHAR"
  } ]
}, {
  "@id" : "urn:tr:field:postgresql/localhost/postgres/information_schema/sql_packages/is_verified_by",
  "http://schema.org/name" : [ {
    "@value" : "is_verified_by"
  } ],
  "http://trawler.dev/schema/core/0.1#isNullable" : [ {
    "@value" : true
  } ],
  "http://trawler.dev/schema/core/0.1#relations" : [ ],
  "http://trawler.dev/schema/core/0.1#type" : [ {
    "@value" : "VARCHAR"
  } ]
}, {
  "@id" : "urn:tr:field:postgresql/localhost/postgres/information_schema/sql_packages/comments",
  "http://schema.org/name" : [ {
    "@value" : "comments"
  } ],
  "http://trawler.dev/schema/core/0.1#isNullable" : [ {
    "@value" : true
  } ],
  "http://trawler.dev/schema/core/0.1#relations" : [ ],
  "http://trawler.dev/schema/core/0.1#type" : [ {
    "@value" : "VARCHAR"
  } ]
}, {
  "@id" : "urn:tr:table:postgresql/localhost/postgres/information_schema/sql_features",
  "@type" : [ "http://trawler.dev/schema/core/0.1#Table" ],
  "http://schema.org/name" : [ {
    "@value" : "sql_features"
  } ],
  "http://trawler.dev/schema/core/0.1#hasFields" : [ {
    "@id" : "urn:tr:field:postgresql/localhost/postgres/information_schema/sql_features/feature_id"
  }, {
    "@id" : "urn:tr:field:postgresql/localhost/postgres/information_schema/sql_features/feature_name"
  }, {
    "@id" : "urn:tr:field:postgresql/localhost/postgres/information_schema/sql_features/sub_feature_id"
  }, {
    "@id" : "urn:tr:field:postgresql/localhost/postgres/information_schema/sql_features/sub_feature_name"
  }, {
    "@id" : "urn:tr:field:postgresql/localhost/postgres/information_schema/sql_features/is_supported"
  }, {
    "@id" : "urn:tr:field:postgresql/localhost/postgres/information_schema/sql_features/is_verified_by"
  }, {
    "@id" : "urn:tr:field:postgresql/localhost/postgres/information_schema/sql_features/comments"
  } ]
}, {
  "@id" : "urn:tr:field:postgresql/localhost/postgres/information_schema/sql_features/feature_id",
  "http://schema.org/name" : [ {
    "@value" : "feature_id"
  } ],
  "http://trawler.dev/schema/core/0.1#isNullable" : [ {
    "@value" : true
  } ],
  "http://trawler.dev/schema/core/0.1#relations" : [ ],
  "http://trawler.dev/schema/core/0.1#type" : [ {
    "@value" : "VARCHAR"
  } ]
}, {
  "@id" : "urn:tr:field:postgresql/localhost/postgres/information_schema/sql_features/feature_name",
  "http://schema.org/name" : [ {
    "@value" : "feature_name"
  } ],
  "http://trawler.dev/schema/core/0.1#isNullable" : [ {
    "@value" : true
  } ],
  "http://trawler.dev/schema/core/0.1#relations" : [ ],
  "http://trawler.dev/schema/core/0.1#type" : [ {
    "@value" : "VARCHAR"
  } ]
}, {
  "@id" : "urn:tr:field:postgresql/localhost/postgres/information_schema/sql_features/sub_feature_id",
  "http://schema.org/name" : [ {
    "@value" : "sub_feature_id"
  } ],
  "http://trawler.dev/schema/core/0.1#isNullable" : [ {
    "@value" : true
  } ],
  "http://trawler.dev/schema/core/0.1#relations" : [ ],
  "http://trawler.dev/schema/core/0.1#type" : [ {
    "@value" : "VARCHAR"
  } ]
}, {
  "@id" : "urn:tr:field:postgresql/localhost/postgres/information_schema/sql_features/sub_feature_name",
  "http://schema.org/name" : [ {
    "@value" : "sub_feature_name"
  } ],
  "http://trawler.dev/schema/core/0.1#isNullable" : [ {
    "@value" : true
  } ],
  "http://trawler.dev/schema/core/0.1#relations" : [ ],
  "http://trawler.dev/schema/core/0.1#type" : [ {
    "@value" : "VARCHAR"
  } ]
}, {
  "@id" : "urn:tr:field:postgresql/localhost/postgres/information_schema/sql_features/is_supported",
  "http://schema.org/name" : [ {
    "@value" : "is_supported"
  } ],
  "http://trawler.dev/schema/core/0.1#isNullable" : [ {
    "@value" : true
  } ],
  "http://trawler.dev/schema/core/0.1#relations" : [ ],
  "http://trawler.dev/schema/core/0.1#type" : [ {
    "@value" : "VARCHAR"
  } ]
}, {
  "@id" : "urn:tr:field:postgresql/localhost/postgres/information_schema/sql_features/is_verified_by",
  "http://schema.org/name" : [ {
    "@value" : "is_verified_by"
  } ],
  "http://trawler.dev/schema/core/0.1#isNullable" : [ {
    "@value" : true
  } ],
  "http://trawler.dev/schema/core/0.1#relations" : [ ],
  "http://trawler.dev/schema/core/0.1#type" : [ {
    "@value" : "VARCHAR"
  } ]
}, {
  "@id" : "urn:tr:field:postgresql/localhost/postgres/information_schema/sql_features/comments",
  "http://schema.org/name" : [ {
    "@value" : "comments"
  } ],
  "http://trawler.dev/schema/core/0.1#isNullable" : [ {
    "@value" : true
  } ],
  "http://trawler.dev/schema/core/0.1#relations" : [ ],
  "http://trawler.dev/schema/core/0.1#type" : [ {
    "@value" : "VARCHAR"
  } ]
}, {
  "@id" : "urn:tr:table:postgresql/localhost/postgres/information_schema/sql_implementation_info",
  "@type" : [ "http://trawler.dev/schema/core/0.1#Table" ],
  "http://schema.org/name" : [ {
    "@value" : "sql_implementation_info"
  } ],
  "http://trawler.dev/schema/core/0.1#hasFields" : [ {
    "@id" : "urn:tr:field:postgresql/localhost/postgres/information_schema/sql_implementation_info/implementation_info_id"
  }, {
    "@id" : "urn:tr:field:postgresql/localhost/postgres/information_schema/sql_implementation_info/implementation_info_name"
  }, {
    "@id" : "urn:tr:field:postgresql/localhost/postgres/information_schema/sql_implementation_info/integer_value"
  }, {
    "@id" : "urn:tr:field:postgresql/localhost/postgres/information_schema/sql_implementation_info/character_value"
  }, {
    "@id" : "urn:tr:field:postgresql/localhost/postgres/information_schema/sql_implementation_info/comments"
  } ]
}, {
  "@id" : "urn:tr:field:postgresql/localhost/postgres/information_schema/sql_implementation_info/implementation_info_id",
  "http://schema.org/name" : [ {
    "@value" : "implementation_info_id"
  } ],
  "http://trawler.dev/schema/core/0.1#isNullable" : [ {
    "@value" : true
  } ],
  "http://trawler.dev/schema/core/0.1#relations" : [ ],
  "http://trawler.dev/schema/core/0.1#type" : [ {
    "@value" : "VARCHAR"
  } ]
}, {
  "@id" : "urn:tr:field:postgresql/localhost/postgres/information_schema/sql_implementation_info/implementation_info_name",
  "http://schema.org/name" : [ {
    "@value" : "implementation_info_name"
  } ],
  "http://trawler.dev/schema/core/0.1#isNullable" : [ {
    "@value" : true
  } ],
  "http://trawler.dev/schema/core/0.1#relations" : [ ],
  "http://trawler.dev/schema/core/0.1#type" : [ {
    "@value" : "VARCHAR"
  } ]
}, {
  "@id" : "urn:tr:field:postgresql/localhost/postgres/information_schema/sql_implementation_info/integer_value",
  "http://schema.org/name" : [ {
    "@value" : "integer_value"
  } ],
  "http://trawler.dev/schema/core/0.1#isNullable" : [ {
    "@value" : true
  } ],
  "http://trawler.dev/schema/core/0.1#relations" : [ ],
  "http://trawler.dev/schema/core/0.1#type" : [ {
    "@value" : "INTEGER"
  } ]
}, {
  "@id" : "urn:tr:field:postgresql/localhost/postgres/information_schema/sql_implementation_info/character_value",
  "http://schema.org/name" : [ {
    "@value" : "character_value"
  } ],
  "http://trawler.dev/schema/core/0.1#isNullable" : [ {
    "@value" : true
  } ],
  "http://trawler.dev/schema/core/0.1#relations" : [ ],
  "http://trawler.dev/schema/core/0.1#type" : [ {
    "@value" : "VARCHAR"
  } ]
}, {
  "@id" : "urn:tr:field:postgresql/localhost/postgres/information_schema/sql_implementation_info/comments",
  "http://schema.org/name" : [ {
    "@value" : "comments"
  } ],
  "http://trawler.dev/schema/core/0.1#isNullable" : [ {
    "@value" : true
  } ],
  "http://trawler.dev/schema/core/0.1#relations" : [ ],
  "http://trawler.dev/schema/core/0.1#type" : [ {
    "@value" : "VARCHAR"
  } ]
}, {
  "@id" : "urn:tr:table:postgresql/localhost/postgres/information_schema/sql_parts",
  "@type" : [ "http://trawler.dev/schema/core/0.1#Table" ],
  "http://schema.org/name" : [ {
    "@value" : "sql_parts"
  } ],
  "http://trawler.dev/schema/core/0.1#hasFields" : [ {
    "@id" : "urn:tr:field:postgresql/localhost/postgres/information_schema/sql_parts/feature_id"
  }, {
    "@id" : "urn:tr:field:postgresql/localhost/postgres/information_schema/sql_parts/feature_name"
  }, {
    "@id" : "urn:tr:field:postgresql/localhost/postgres/information_schema/sql_parts/is_supported"
  }, {
    "@id" : "urn:tr:field:postgresql/localhost/postgres/information_schema/sql_parts/is_verified_by"
  }, {
    "@id" : "urn:tr:field:postgresql/localhost/postgres/information_schema/sql_parts/comments"
  } ]
}, {
  "@id" : "urn:tr:field:postgresql/localhost/postgres/information_schema/sql_parts/feature_id",
  "http://schema.org/name" : [ {
    "@value" : "feature_id"
  } ],
  "http://trawler.dev/schema/core/0.1#isNullable" : [ {
    "@value" : true
  } ],
  "http://trawler.dev/schema/core/0.1#relations" : [ ],
  "http://trawler.dev/schema/core/0.1#type" : [ {
    "@value" : "VARCHAR"
  } ]
}, {
  "@id" : "urn:tr:field:postgresql/localhost/postgres/information_schema/sql_parts/feature_name",
  "http://schema.org/name" : [ {
    "@value" : "feature_name"
  } ],
  "http://trawler.dev/schema/core/0.1#isNullable" : [ {
    "@value" : true
  } ],
  "http://trawler.dev/schema/core/0.1#relations" : [ ],
  "http://trawler.dev/schema/core/0.1#type" : [ {
    "@value" : "VARCHAR"
  } ]
}, {
  "@id" : "urn:tr:field:postgresql/localhost/postgres/information_schema/sql_parts/is_supported",
  "http://schema.org/name" : [ {
    "@value" : "is_supported"
  } ],
  "http://trawler.dev/schema/core/0.1#isNullable" : [ {
    "@value" : true
  } ],
  "http://trawler.dev/schema/core/0.1#relations" : [ ],
  "http://trawler.dev/schema/core/0.1#type" : [ {
    "@value" : "VARCHAR"
  } ]
}, {
  "@id" : "urn:tr:field:postgresql/localhost/postgres/information_schema/sql_parts/is_verified_by",
  "http://schema.org/name" : [ {
    "@value" : "is_verified_by"
  } ],
  "http://trawler.dev/schema/core/0.1#isNullable" : [ {
    "@value" : true
  } ],
  "http://trawler.dev/schema/core/0.1#relations" : [ ],
  "http://trawler.dev/schema/core/0.1#type" : [ {
    "@value" : "VARCHAR"
  } ]
}, {
  "@id" : "urn:tr:field:postgresql/localhost/postgres/information_schema/sql_parts/comments",
  "http://schema.org/name" : [ {
    "@value" : "comments"
  } ],
  "http://trawler.dev/schema/core/0.1#isNullable" : [ {
    "@value" : true
  } ],
  "http://trawler.dev/schema/core/0.1#relations" : [ ],
  "http://trawler.dev/schema/core/0.1#type" : [ {
    "@value" : "VARCHAR"
  } ]
}, {
  "@id" : "urn:tr:table:postgresql/localhost/postgres/information_schema/sql_languages",
  "@type" : [ "http://trawler.dev/schema/core/0.1#Table" ],
  "http://schema.org/name" : [ {
    "@value" : "sql_languages"
  } ],
  "http://trawler.dev/schema/core/0.1#hasFields" : [ {
    "@id" : "urn:tr:field:postgresql/localhost/postgres/information_schema/sql_languages/sql_language_source"
  }, {
    "@id" : "urn:tr:field:postgresql/localhost/postgres/information_schema/sql_languages/sql_language_year"
  }, {
    "@id" : "urn:tr:field:postgresql/localhost/postgres/information_schema/sql_languages/sql_language_conformance"
  }, {
    "@id" : "urn:tr:field:postgresql/localhost/postgres/information_schema/sql_languages/sql_language_integrity"
  }, {
    "@id" : "urn:tr:field:postgresql/localhost/postgres/information_schema/sql_languages/sql_language_implementation"
  }, {
    "@id" : "urn:tr:field:postgresql/localhost/postgres/information_schema/sql_languages/sql_language_binding_style"
  }, {
    "@id" : "urn:tr:field:postgresql/localhost/postgres/information_schema/sql_languages/sql_language_programming_language"
  } ]
}, {
  "@id" : "urn:tr:field:postgresql/localhost/postgres/information_schema/sql_languages/sql_language_source",
  "http://schema.org/name" : [ {
    "@value" : "sql_language_source"
  } ],
  "http://trawler.dev/schema/core/0.1#isNullable" : [ {
    "@value" : true
  } ],
  "http://trawler.dev/schema/core/0.1#relations" : [ ],
  "http://trawler.dev/schema/core/0.1#type" : [ {
    "@value" : "VARCHAR"
  } ]
}, {
  "@id" : "urn:tr:field:postgresql/localhost/postgres/information_schema/sql_languages/sql_language_year",
  "http://schema.org/name" : [ {
    "@value" : "sql_language_year"
  } ],
  "http://trawler.dev/schema/core/0.1#isNullable" : [ {
    "@value" : true
  } ],
  "http://trawler.dev/schema/core/0.1#relations" : [ ],
  "http://trawler.dev/schema/core/0.1#type" : [ {
    "@value" : "VARCHAR"
  } ]
}, {
  "@id" : "urn:tr:field:postgresql/localhost/postgres/information_schema/sql_languages/sql_language_conformance",
  "http://schema.org/name" : [ {
    "@value" : "sql_language_conformance"
  } ],
  "http://trawler.dev/schema/core/0.1#isNullable" : [ {
    "@value" : true
  } ],
  "http://trawler.dev/schema/core/0.1#relations" : [ ],
  "http://trawler.dev/schema/core/0.1#type" : [ {
    "@value" : "VARCHAR"
  } ]
}, {
  "@id" : "urn:tr:field:postgresql/localhost/postgres/information_schema/sql_languages/sql_language_integrity",
  "http://schema.org/name" : [ {
    "@value" : "sql_language_integrity"
  } ],
  "http://trawler.dev/schema/core/0.1#isNullable" : [ {
    "@value" : true
  } ],
  "http://trawler.dev/schema/core/0.1#relations" : [ ],
  "http://trawler.dev/schema/core/0.1#type" : [ {
    "@value" : "VARCHAR"
  } ]
}, {
  "@id" : "urn:tr:field:postgresql/localhost/postgres/information_schema/sql_languages/sql_language_implementation",
  "http://schema.org/name" : [ {
    "@value" : "sql_language_implementation"
  } ],
  "http://trawler.dev/schema/core/0.1#isNullable" : [ {
    "@value" : true
  } ],
  "http://trawler.dev/schema/core/0.1#relations" : [ ],
  "http://trawler.dev/schema/core/0.1#type" : [ {
    "@value" : "VARCHAR"
  } ]
}, {
  "@id" : "urn:tr:field:postgresql/localhost/postgres/information_schema/sql_languages/sql_language_binding_style",
  "http://schema.org/name" : [ {
    "@value" : "sql_language_binding_style"
  } ],
  "http://trawler.dev/schema/core/0.1#isNullable" : [ {
    "@value" : true
  } ],
  "http://trawler.dev/schema/core/0.1#relations" : [ ],
  "http://trawler.dev/schema/core/0.1#type" : [ {
    "@value" : "VARCHAR"
  } ]
}, {
  "@id" : "urn:tr:field:postgresql/localhost/postgres/information_schema/sql_languages/sql_language_programming_language",
  "http://schema.org/name" : [ {
    "@value" : "sql_language_programming_language"
  } ],
  "http://trawler.dev/schema/core/0.1#isNullable" : [ {
    "@value" : true
  } ],
  "http://trawler.dev/schema/core/0.1#relations" : [ ],
  "http://trawler.dev/schema/core/0.1#type" : [ {
    "@value" : "VARCHAR"
  } ]
}, {
  "@id" : "urn:tr:table:postgresql/localhost/postgres/information_schema/sql_sizing",
  "@type" : [ "http://trawler.dev/schema/core/0.1#Table" ],
  "http://schema.org/name" : [ {
    "@value" : "sql_sizing"
  } ],
  "http://trawler.dev/schema/core/0.1#hasFields" : [ {
    "@id" : "urn:tr:field:postgresql/localhost/postgres/information_schema/sql_sizing/sizing_id"
  }, {
    "@id" : "urn:tr:field:postgresql/localhost/postgres/information_schema/sql_sizing/sizing_name"
  }, {
    "@id" : "urn:tr:field:postgresql/localhost/postgres/information_schema/sql_sizing/supported_value"
  }, {
    "@id" : "urn:tr:field:postgresql/localhost/postgres/information_schema/sql_sizing/comments"
  } ]
}, {
  "@id" : "urn:tr:field:postgresql/localhost/postgres/information_schema/sql_sizing/sizing_id",
  "http://schema.org/name" : [ {
    "@value" : "sizing_id"
  } ],
  "http://trawler.dev/schema/core/0.1#isNullable" : [ {
    "@value" : true
  } ],
  "http://trawler.dev/schema/core/0.1#relations" : [ ],
  "http://trawler.dev/schema/core/0.1#type" : [ {
    "@value" : "INTEGER"
  } ]
}, {
  "@id" : "urn:tr:field:postgresql/localhost/postgres/information_schema/sql_sizing/sizing_name",
  "http://schema.org/name" : [ {
    "@value" : "sizing_name"
  } ],
  "http://trawler.dev/schema/core/0.1#isNullable" : [ {
    "@value" : true
  } ],
  "http://trawler.dev/schema/core/0.1#relations" : [ ],
  "http://trawler.dev/schema/core/0.1#type" : [ {
    "@value" : "VARCHAR"
  } ]
}, {
  "@id" : "urn:tr:field:postgresql/localhost/postgres/information_schema/sql_sizing/supported_value",
  "http://schema.org/name" : [ {
    "@value" : "supported_value"
  } ],
  "http://trawler.dev/schema/core/0.1#isNullable" : [ {
    "@value" : true
  } ],
  "http://trawler.dev/schema/core/0.1#relations" : [ ],
  "http://trawler.dev/schema/core/0.1#type" : [ {
    "@value" : "INTEGER"
  } ]
}, {
  "@id" : "urn:tr:field:postgresql/localhost/postgres/information_schema/sql_sizing/comments",
  "http://schema.org/name" : [ {
    "@value" : "comments"
  } ],
  "http://trawler.dev/schema/core/0.1#isNullable" : [ {
    "@value" : true
  } ],
  "http://trawler.dev/schema/core/0.1#relations" : [ ],
  "http://trawler.dev/schema/core/0.1#type" : [ {
    "@value" : "VARCHAR"
  } ]
}, {
  "@id" : "urn:tr:table:postgresql/localhost/postgres/information_schema/sql_sizing_profiles",
  "@type" : [ "http://trawler.dev/schema/core/0.1#Table" ],
  "http://schema.org/name" : [ {
    "@value" : "sql_sizing_profiles"
  } ],
  "http://trawler.dev/schema/core/0.1#hasFields" : [ {
    "@id" : "urn:tr:field:postgresql/localhost/postgres/information_schema/sql_sizing_profiles/sizing_id"
  }, {
    "@id" : "urn:tr:field:postgresql/localhost/postgres/information_schema/sql_sizing_profiles/sizing_name"
  }, {
    "@id" : "urn:tr:field:postgresql/localhost/postgres/information_schema/sql_sizing_profiles/profile_id"
  }, {
    "@id" : "urn:tr:field:postgresql/localhost/postgres/information_schema/sql_sizing_profiles/required_value"
  }, {
    "@id" : "urn:tr:field:postgresql/localhost/postgres/information_schema/sql_sizing_profiles/comments"
  } ]
}, {
  "@id" : "urn:tr:field:postgresql/localhost/postgres/information_schema/sql_sizing_profiles/sizing_id",
  "http://schema.org/name" : [ {
    "@value" : "sizing_id"
  } ],
  "http://trawler.dev/schema/core/0.1#isNullable" : [ {
    "@value" : true
  } ],
  "http://trawler.dev/schema/core/0.1#relations" : [ ],
  "http://trawler.dev/schema/core/0.1#type" : [ {
    "@value" : "INTEGER"
  } ]
}, {
  "@id" : "urn:tr:field:postgresql/localhost/postgres/information_schema/sql_sizing_profiles/sizing_name",
  "http://schema.org/name" : [ {
    "@value" : "sizing_name"
  } ],
  "http://trawler.dev/schema/core/0.1#isNullable" : [ {
    "@value" : true
  } ],
  "http://trawler.dev/schema/core/0.1#relations" : [ ],
  "http://trawler.dev/schema/core/0.1#type" : [ {
    "@value" : "VARCHAR"
  } ]
}, {
  "@id" : "urn:tr:field:postgresql/localhost/postgres/information_schema/sql_sizing_profiles/profile_id",
  "http://schema.org/name" : [ {
    "@value" : "profile_id"
  } ],
  "http://trawler.dev/schema/core/0.1#isNullable" : [ {
    "@value" : true
  } ],
  "http://trawler.dev/schema/core/0.1#relations" : [ ],
  "http://trawler.dev/schema/core/0.1#type" : [ {
    "@value" : "VARCHAR"
  } ]
}, {
  "@id" : "urn:tr:field:postgresql/localhost/postgres/information_schema/sql_sizing_profiles/required_value",
  "http://schema.org/name" : [ {
    "@value" : "required_value"
  } ],
  "http://trawler.dev/schema/core/0.1#isNullable" : [ {
    "@value" : true
  } ],
  "http://trawler.dev/schema/core/0.1#relations" : [ ],
  "http://trawler.dev/schema/core/0.1#type" : [ {
    "@value" : "INTEGER"
  } ]
}, {
  "@id" : "urn:tr:field:postgresql/localhost/postgres/information_schema/sql_sizing_profiles/comments",
  "http://schema.org/name" : [ {
    "@value" : "comments"
  } ],
  "http://trawler.dev/schema/core/0.1#isNullable" : [ {
    "@value" : true
  } ],
  "http://trawler.dev/schema/core/0.1#relations" : [ ],
  "http://trawler.dev/schema/core/0.1#type" : [ {
    "@value" : "VARCHAR"
  } ]
}, {
  "@id" : "urn:tr:table:postgresql/localhost/postgres/legacy/tasks",
  "@type" : [ "http://trawler.dev/schema/core/0.1#Table" ],
  "http://schema.org/name" : [ {
    "@value" : "tasks"
  } ],
  "http://trawler.dev/schema/core/0.1#hasFields" : [ {
    "@id" : "urn:tr:field:postgresql/localhost/postgres/legacy/tasks/scheduleitem_ptr_id"
  }, {
    "@id" : "urn:tr:field:postgresql/localhost/postgres/legacy/tasks/due_date"
  }, {
    "@id" : "urn:tr:field:postgresql/localhost/postgres/legacy/tasks/progress"
  }, {
    "@id" : "urn:tr:field:postgresql/localhost/postgres/legacy/tasks/start_date"
  } ]
}, {
  "@id" : "urn:tr:field:postgresql/localhost/postgres/legacy/tasks/scheduleitem_ptr_id",
  "http://schema.org/name" : [ {
    "@value" : "scheduleitem_ptr_id"
  } ],
  "http://trawler.dev/schema/core/0.1#isNullable" : [ {
    "@value" : false
  } ],
  "http://trawler.dev/schema/core/0.1#relations" : [ {
    "@value" : "urn:tr:constraint:postgresql/localhost/postgres/legacy/tasks/tasks_scheduleitem_ptr_id_518ca7eb_fk_schedule_items_id"
  } ],
  "http://trawler.dev/schema/core/0.1#type" : [ {
    "@value" : "INTEGER"
  } ]
}, {
  "@id" : "urn:tr:field:postgresql/localhost/postgres/legacy/tasks/due_date",
  "http://schema.org/name" : [ {
    "@value" : "due_date"
  } ],
  "http://trawler.dev/schema/core/0.1#isNullable" : [ {
    "@value" : false
  } ],
  "http://trawler.dev/schema/core/0.1#relations" : [ ],
  "http://trawler.dev/schema/core/0.1#type" : [ {
    "@value" : "DATE"
  } ]
}, {
  "@id" : "urn:tr:field:postgresql/localhost/postgres/legacy/tasks/progress",
  "http://schema.org/name" : [ {
    "@value" : "progress"
  } ],
  "http://trawler.dev/schema/core/0.1#isNullable" : [ {
    "@value" : false
  } ],
  "http://trawler.dev/schema/core/0.1#relations" : [ ],
  "http://trawler.dev/schema/core/0.1#type" : [ {
    "@value" : "NUMERIC"
  } ]
}, {
  "@id" : "urn:tr:field:postgresql/localhost/postgres/legacy/tasks/start_date",
  "http://schema.org/name" : [ {
    "@value" : "start_date"
  } ],
  "http://trawler.dev/schema/core/0.1#isNullable" : [ {
    "@value" : false
  } ],
  "http://trawler.dev/schema/core/0.1#relations" : [ ],
  "http://trawler.dev/schema/core/0.1#type" : [ {
    "@value" : "DATE"
  } ]
}, {
  "@id" : "urn:tr:constraint:postgresql/localhost/postgres/legacy/tasks/tasks_scheduleitem_ptr_id_518ca7eb_fk_schedule_items_id",
  "@type" : [ "tr:Constraint" ],
  "tr:hasFields" : [ {
    "@id" : "urn:tr:column:postgresql/localhost/postgres/legacy/schedule_items/id"
  } ]
}, {
  "@id" : "urn:tr:table:postgresql/localhost/postgres/legacy/actions",
  "@type" : [ "http://trawler.dev/schema/core/0.1#Table" ],
  "http://schema.org/name" : [ {
    "@value" : "actions"
  } ],
  "http://trawler.dev/schema/core/0.1#hasFields" : [ {
    "@id" : "urn:tr:field:postgresql/localhost/postgres/legacy/actions/scheduleitem_ptr_id"
  }, {
    "@id" : "urn:tr:field:postgresql/localhost/postgres/legacy/actions/due_date"
  }, {
    "@id" : "urn:tr:field:postgresql/localhost/postgres/legacy/actions/progress"
  }, {
    "@id" : "urn:tr:field:postgresql/localhost/postgres/legacy/actions/start_date"
  } ]
}, {
  "@id" : "urn:tr:field:postgresql/localhost/postgres/legacy/actions/scheduleitem_ptr_id",
  "http://schema.org/name" : [ {
    "@value" : "scheduleitem_ptr_id"
  } ],
  "http://trawler.dev/schema/core/0.1#isNullable" : [ {
    "@value" : false
  } ],
  "http://trawler.dev/schema/core/0.1#relations" : [ {
    "@value" : "urn:tr:constraint:postgresql/localhost/postgres/legacy/actions/actions_scheduleitem_ptr_id_5e15e595_fk_schedule_items_id"
  } ],
  "http://trawler.dev/schema/core/0.1#type" : [ {
    "@value" : "INTEGER"
  } ]
}, {
  "@id" : "urn:tr:field:postgresql/localhost/postgres/legacy/actions/due_date",
  "http://schema.org/name" : [ {
    "@value" : "due_date"
  } ],
  "http://trawler.dev/schema/core/0.1#isNullable" : [ {
    "@value" : false
  } ],
  "http://trawler.dev/schema/core/0.1#relations" : [ ],
  "http://trawler.dev/schema/core/0.1#type" : [ {
    "@value" : "DATE"
  } ]
}, {
  "@id" : "urn:tr:field:postgresql/localhost/postgres/legacy/actions/progress",
  "http://schema.org/name" : [ {
    "@value" : "progress"
  } ],
  "http://trawler.dev/schema/core/0.1#isNullable" : [ {
    "@value" : false
  } ],
  "http://trawler.dev/schema/core/0.1#relations" : [ ],
  "http://trawler.dev/schema/core/0.1#type" : [ {
    "@value" : "NUMERIC"
  } ]
}, {
  "@id" : "urn:tr:field:postgresql/localhost/postgres/legacy/actions/start_date",
  "http://schema.org/name" : [ {
    "@value" : "start_date"
  } ],
  "http://trawler.dev/schema/core/0.1#isNullable" : [ {
    "@value" : false
  } ],
  "http://trawler.dev/schema/core/0.1#relations" : [ ],
  "http://trawler.dev/schema/core/0.1#type" : [ {
    "@value" : "DATE"
  } ]
}, {
  "@id" : "urn:tr:constraint:postgresql/localhost/postgres/legacy/actions/actions_scheduleitem_ptr_id_5e15e595_fk_schedule_items_id",
  "@type" : [ "tr:Constraint" ],
  "tr:hasFields" : [ {
    "@id" : "urn:tr:column:postgresql/localhost/postgres/legacy/schedule_items/id"
  } ]
}, {
  "@id" : "urn:tr:table:postgresql/localhost/postgres/legacy/custom_field_formats",
  "@type" : [ "http://trawler.dev/schema/core/0.1#Table" ],
  "http://schema.org/name" : [ {
    "@value" : "custom_field_formats"
  } ],
  "http://trawler.dev/schema/core/0.1#hasFields" : [ {
    "@id" : "urn:tr:field:postgresql/localhost/postgres/legacy/custom_field_formats/id"
  }, {
    "@id" : "urn:tr:field:postgresql/localhost/postgres/legacy/custom_field_formats/created_at"
  }, {
    "@id" : "urn:tr:field:postgresql/localhost/postgres/legacy/custom_field_formats/updated_at"
  }, {
    "@id" : "urn:tr:field:postgresql/localhost/postgres/legacy/custom_field_formats/label"
  }, {
    "@id" : "urn:tr:field:postgresql/localhost/postgres/legacy/custom_field_formats/format"
  } ]
}, {
  "@id" : "urn:tr:field:postgresql/localhost/postgres/legacy/custom_field_formats/id",
  "http://schema.org/name" : [ {
    "@value" : "id"
  } ],
  "http://trawler.dev/schema/core/0.1#isNullable" : [ {
    "@value" : false
  } ],
  "http://trawler.dev/schema/core/0.1#relations" : [ ],
  "http://trawler.dev/schema/core/0.1#type" : [ {
    "@value" : "INTEGER"
  } ]
}, {
  "@id" : "urn:tr:field:postgresql/localhost/postgres/legacy/custom_field_formats/created_at",
  "http://schema.org/name" : [ {
    "@value" : "created_at"
  } ],
  "http://trawler.dev/schema/core/0.1#isNullable" : [ {
    "@value" : true
  } ],
  "http://trawler.dev/schema/core/0.1#relations" : [ ],
  "http://trawler.dev/schema/core/0.1#type" : [ {
    "@value" : "TIMESTAMP"
  } ]
}, {
  "@id" : "urn:tr:field:postgresql/localhost/postgres/legacy/custom_field_formats/updated_at",
  "http://schema.org/name" : [ {
    "@value" : "updated_at"
  } ],
  "http://trawler.dev/schema/core/0.1#isNullable" : [ {
    "@value" : true
  } ],
  "http://trawler.dev/schema/core/0.1#relations" : [ ],
  "http://trawler.dev/schema/core/0.1#type" : [ {
    "@value" : "TIMESTAMP"
  } ]
}, {
  "@id" : "urn:tr:field:postgresql/localhost/postgres/legacy/custom_field_formats/label",
  "http://schema.org/name" : [ {
    "@value" : "label"
  } ],
  "http://trawler.dev/schema/core/0.1#isNullable" : [ {
    "@value" : false
  } ],
  "http://trawler.dev/schema/core/0.1#relations" : [ ],
  "http://trawler.dev/schema/core/0.1#type" : [ {
    "@value" : "TEXT"
  } ]
}, {
  "@id" : "urn:tr:field:postgresql/localhost/postgres/legacy/custom_field_formats/format",
  "http://schema.org/name" : [ {
    "@value" : "format"
  } ],
  "http://trawler.dev/schema/core/0.1#isNullable" : [ {
    "@value" : false
  } ],
  "http://trawler.dev/schema/core/0.1#relations" : [ ],
  "http://trawler.dev/schema/core/0.1#type" : [ {
    "@value" : "VARCHAR"
  } ]
}, {
  "@id" : "urn:tr:table:postgresql/localhost/postgres/legacy/custom_field_definitions",
  "@type" : [ "http://trawler.dev/schema/core/0.1#Table" ],
  "http://schema.org/name" : [ {
    "@value" : "custom_field_definitions"
  } ],
  "http://trawler.dev/schema/core/0.1#hasFields" : [ {
    "@id" : "urn:tr:field:postgresql/localhost/postgres/legacy/custom_field_definitions/id"
  }, {
    "@id" : "urn:tr:field:postgresql/localhost/postgres/legacy/custom_field_definitions/created_at"
  }, {
    "@id" : "urn:tr:field:postgresql/localhost/postgres/legacy/custom_field_definitions/updated_at"
  }, {
    "@id" : "urn:tr:field:postgresql/localhost/postgres/legacy/custom_field_definitions/type"
  }, {
    "@id" : "urn:tr:field:postgresql/localhost/postgres/legacy/custom_field_definitions/name"
  }, {
    "@id" : "urn:tr:field:postgresql/localhost/postgres/legacy/custom_field_definitions/unit"
  }, {
    "@id" : "urn:tr:field:postgresql/localhost/postgres/legacy/custom_field_definitions/company_id"
  }, {
    "@id" : "urn:tr:field:postgresql/localhost/postgres/legacy/custom_field_definitions/format_id"
  } ]
}, {
  "@id" : "urn:tr:field:postgresql/localhost/postgres/legacy/custom_field_definitions/id",
  "http://schema.org/name" : [ {
    "@value" : "id"
  } ],
  "http://trawler.dev/schema/core/0.1#isNullable" : [ {
    "@value" : false
  } ],
  "http://trawler.dev/schema/core/0.1#relations" : [ ],
  "http://trawler.dev/schema/core/0.1#type" : [ {
    "@value" : "INTEGER"
  } ]
}, {
  "@id" : "urn:tr:field:postgresql/localhost/postgres/legacy/custom_field_definitions/created_at",
  "http://schema.org/name" : [ {
    "@value" : "created_at"
  } ],
  "http://trawler.dev/schema/core/0.1#isNullable" : [ {
    "@value" : true
  } ],
  "http://trawler.dev/schema/core/0.1#relations" : [ ],
  "http://trawler.dev/schema/core/0.1#type" : [ {
    "@value" : "TIMESTAMP"
  } ]
}, {
  "@id" : "urn:tr:field:postgresql/localhost/postgres/legacy/custom_field_definitions/updated_at",
  "http://schema.org/name" : [ {
    "@value" : "updated_at"
  } ],
  "http://trawler.dev/schema/core/0.1#isNullable" : [ {
    "@value" : true
  } ],
  "http://trawler.dev/schema/core/0.1#relations" : [ ],
  "http://trawler.dev/schema/core/0.1#type" : [ {
    "@value" : "TIMESTAMP"
  } ]
}, {
  "@id" : "urn:tr:field:postgresql/localhost/postgres/legacy/custom_field_definitions/type",
  "http://schema.org/name" : [ {
    "@value" : "type"
  } ],
  "http://trawler.dev/schema/core/0.1#isNullable" : [ {
    "@value" : false
  } ],
  "http://trawler.dev/schema/core/0.1#relations" : [ ],
  "http://trawler.dev/schema/core/0.1#type" : [ {
    "@value" : "VARCHAR"
  } ]
}, {
  "@id" : "urn:tr:field:postgresql/localhost/postgres/legacy/custom_field_definitions/name",
  "http://schema.org/name" : [ {
    "@value" : "name"
  } ],
  "http://trawler.dev/schema/core/0.1#isNullable" : [ {
    "@value" : false
  } ],
  "http://trawler.dev/schema/core/0.1#relations" : [ ],
  "http://trawler.dev/schema/core/0.1#type" : [ {
    "@value" : "VARCHAR"
  } ]
}, {
  "@id" : "urn:tr:field:postgresql/localhost/postgres/legacy/custom_field_definitions/unit",
  "http://schema.org/name" : [ {
    "@value" : "unit"
  } ],
  "http://trawler.dev/schema/core/0.1#isNullable" : [ {
    "@value" : false
  } ],
  "http://trawler.dev/schema/core/0.1#relations" : [ ],
  "http://trawler.dev/schema/core/0.1#type" : [ {
    "@value" : "VARCHAR"
  } ]
}, {
  "@id" : "urn:tr:field:postgresql/localhost/postgres/legacy/custom_field_definitions/company_id",
  "http://schema.org/name" : [ {
    "@value" : "company_id"
  } ],
  "http://trawler.dev/schema/core/0.1#isNullable" : [ {
    "@value" : false
  } ],
  "http://trawler.dev/schema/core/0.1#relations" : [ {
    "@value" : "urn:tr:constraint:postgresql/localhost/postgres/legacy/custom_field_definitions/custom_field_definitions_company_id_087a368b_fk_companies_id"
  } ],
  "http://trawler.dev/schema/core/0.1#type" : [ {
    "@value" : "INTEGER"
  } ]
}, {
  "@id" : "urn:tr:field:postgresql/localhost/postgres/legacy/custom_field_definitions/format_id",
  "http://schema.org/name" : [ {
    "@value" : "format_id"
  } ],
  "http://trawler.dev/schema/core/0.1#isNullable" : [ {
    "@value" : true
  } ],
  "http://trawler.dev/schema/core/0.1#relations" : [ {
    "@value" : "urn:tr:constraint:postgresql/localhost/postgres/legacy/custom_field_definitions/custom_field_definit_format_id_fa1a23e6_fk_custom_fi"
  } ],
  "http://trawler.dev/schema/core/0.1#type" : [ {
    "@value" : "INTEGER"
  } ]
}, {
  "@id" : "urn:tr:constraint:postgresql/localhost/postgres/legacy/custom_field_definitions/custom_field_definit_format_id_fa1a23e6_fk_custom_fi",
  "@type" : [ "tr:Constraint" ],
  "tr:hasFields" : [ {
    "@id" : "urn:tr:column:postgresql/localhost/postgres/legacy/custom_field_formats/id"
  } ]
}, {
  "@id" : "urn:tr:constraint:postgresql/localhost/postgres/legacy/custom_field_definitions/custom_field_definitions_company_id_087a368b_fk_companies_id",
  "@type" : [ "tr:Constraint" ],
  "tr:hasFields" : [ {
    "@id" : "urn:tr:column:postgresql/localhost/postgres/legacy/companies/id"
  } ]
}, {
  "@id" : "urn:tr:table:postgresql/localhost/postgres/legacy/tags",
  "@type" : [ "http://trawler.dev/schema/core/0.1#Table" ],
  "http://schema.org/name" : [ {
    "@value" : "tags"
  } ],
  "http://trawler.dev/schema/core/0.1#hasFields" : [ {
    "@id" : "urn:tr:field:postgresql/localhost/postgres/legacy/tags/id"
  }, {
    "@id" : "urn:tr:field:postgresql/localhost/postgres/legacy/tags/created_at"
  }, {
    "@id" : "urn:tr:field:postgresql/localhost/postgres/legacy/tags/updated_at"
  }, {
    "@id" : "urn:tr:field:postgresql/localhost/postgres/legacy/tags/name"
  }, {
    "@id" : "urn:tr:field:postgresql/localhost/postgres/legacy/tags/company_id"
  } ]
}, {
  "@id" : "urn:tr:field:postgresql/localhost/postgres/legacy/tags/id",
  "http://schema.org/name" : [ {
    "@value" : "id"
  } ],
  "http://trawler.dev/schema/core/0.1#isNullable" : [ {
    "@value" : false
  } ],
  "http://trawler.dev/schema/core/0.1#relations" : [ ],
  "http://trawler.dev/schema/core/0.1#type" : [ {
    "@value" : "INTEGER"
  } ]
}, {
  "@id" : "urn:tr:field:postgresql/localhost/postgres/legacy/tags/created_at",
  "http://schema.org/name" : [ {
    "@value" : "created_at"
  } ],
  "http://trawler.dev/schema/core/0.1#isNullable" : [ {
    "@value" : true
  } ],
  "http://trawler.dev/schema/core/0.1#relations" : [ ],
  "http://trawler.dev/schema/core/0.1#type" : [ {
    "@value" : "TIMESTAMP"
  } ]
}, {
  "@id" : "urn:tr:field:postgresql/localhost/postgres/legacy/tags/updated_at",
  "http://schema.org/name" : [ {
    "@value" : "updated_at"
  } ],
  "http://trawler.dev/schema/core/0.1#isNullable" : [ {
    "@value" : true
  } ],
  "http://trawler.dev/schema/core/0.1#relations" : [ ],
  "http://trawler.dev/schema/core/0.1#type" : [ {
    "@value" : "TIMESTAMP"
  } ]
}, {
  "@id" : "urn:tr:field:postgresql/localhost/postgres/legacy/tags/name",
  "http://schema.org/name" : [ {
    "@value" : "name"
  } ],
  "http://trawler.dev/schema/core/0.1#isNullable" : [ {
    "@value" : false
  } ],
  "http://trawler.dev/schema/core/0.1#relations" : [ ],
  "http://trawler.dev/schema/core/0.1#type" : [ {
    "@value" : "VARCHAR"
  } ]
}, {
  "@id" : "urn:tr:field:postgresql/localhost/postgres/legacy/tags/company_id",
  "http://schema.org/name" : [ {
    "@value" : "company_id"
  } ],
  "http://trawler.dev/schema/core/0.1#isNullable" : [ {
    "@value" : false
  } ],
  "http://trawler.dev/schema/core/0.1#relations" : [ {
    "@value" : "urn:tr:constraint:postgresql/localhost/postgres/legacy/tags/tags_company_id_4ce3848c_fk_companies_id"
  } ],
  "http://trawler.dev/schema/core/0.1#type" : [ {
    "@value" : "INTEGER"
  } ]
}, {
  "@id" : "urn:tr:constraint:postgresql/localhost/postgres/legacy/tags/tags_company_id_4ce3848c_fk_companies_id",
  "@type" : [ "tr:Constraint" ],
  "tr:hasFields" : [ {
    "@id" : "urn:tr:column:postgresql/localhost/postgres/legacy/companies/id"
  } ]
}, {
  "@id" : "urn:tr:table:postgresql/localhost/postgres/legacy/tagged_items",
  "@type" : [ "http://trawler.dev/schema/core/0.1#Table" ],
  "http://schema.org/name" : [ {
    "@value" : "tagged_items"
  } ],
  "http://trawler.dev/schema/core/0.1#hasFields" : [ {
    "@id" : "urn:tr:field:postgresql/localhost/postgres/legacy/tagged_items/id"
  }, {
    "@id" : "urn:tr:field:postgresql/localhost/postgres/legacy/tagged_items/created_at"
  }, {
    "@id" : "urn:tr:field:postgresql/localhost/postgres/legacy/tagged_items/updated_at"
  }, {
    "@id" : "urn:tr:field:postgresql/localhost/postgres/legacy/tagged_items/object_id"
  }, {
    "@id" : "urn:tr:field:postgresql/localhost/postgres/legacy/tagged_items/content_type_id"
  }, {
    "@id" : "urn:tr:field:postgresql/localhost/postgres/legacy/tagged_items/tag_id"
  } ]
}, {
  "@id" : "urn:tr:field:postgresql/localhost/postgres/legacy/tagged_items/id",
  "http://schema.org/name" : [ {
    "@value" : "id"
  } ],
  "http://trawler.dev/schema/core/0.1#isNullable" : [ {
    "@value" : false
  } ],
  "http://trawler.dev/schema/core/0.1#relations" : [ ],
  "http://trawler.dev/schema/core/0.1#type" : [ {
    "@value" : "INTEGER"
  } ]
}, {
  "@id" : "urn:tr:field:postgresql/localhost/postgres/legacy/tagged_items/created_at",
  "http://schema.org/name" : [ {
    "@value" : "created_at"
  } ],
  "http://trawler.dev/schema/core/0.1#isNullable" : [ {
    "@value" : true
  } ],
  "http://trawler.dev/schema/core/0.1#relations" : [ ],
  "http://trawler.dev/schema/core/0.1#type" : [ {
    "@value" : "TIMESTAMP"
  } ]
}, {
  "@id" : "urn:tr:field:postgresql/localhost/postgres/legacy/tagged_items/updated_at",
  "http://schema.org/name" : [ {
    "@value" : "updated_at"
  } ],
  "http://trawler.dev/schema/core/0.1#isNullable" : [ {
    "@value" : true
  } ],
  "http://trawler.dev/schema/core/0.1#relations" : [ ],
  "http://trawler.dev/schema/core/0.1#type" : [ {
    "@value" : "TIMESTAMP"
  } ]
}, {
  "@id" : "urn:tr:field:postgresql/localhost/postgres/legacy/tagged_items/object_id",
  "http://schema.org/name" : [ {
    "@value" : "object_id"
  } ],
  "http://trawler.dev/schema/core/0.1#isNullable" : [ {
    "@value" : false
  } ],
  "http://trawler.dev/schema/core/0.1#relations" : [ ],
  "http://trawler.dev/schema/core/0.1#type" : [ {
    "@value" : "INTEGER"
  } ]
}, {
  "@id" : "urn:tr:field:postgresql/localhost/postgres/legacy/tagged_items/content_type_id",
  "http://schema.org/name" : [ {
    "@value" : "content_type_id"
  } ],
  "http://trawler.dev/schema/core/0.1#isNullable" : [ {
    "@value" : false
  } ],
  "http://trawler.dev/schema/core/0.1#relations" : [ {
    "@value" : "urn:tr:constraint:postgresql/localhost/postgres/legacy/tagged_items/tagged_items_content_type_id_8ab1de40_fk_django_content_type_id"
  } ],
  "http://trawler.dev/schema/core/0.1#type" : [ {
    "@value" : "INTEGER"
  } ]
}, {
  "@id" : "urn:tr:field:postgresql/localhost/postgres/legacy/tagged_items/tag_id",
  "http://schema.org/name" : [ {
    "@value" : "tag_id"
  } ],
  "http://trawler.dev/schema/core/0.1#isNullable" : [ {
    "@value" : false
  } ],
  "http://trawler.dev/schema/core/0.1#relations" : [ {
    "@value" : "urn:tr:constraint:postgresql/localhost/postgres/legacy/tagged_items/tagged_items_tag_id_95f5569a_fk_tags_id"
  } ],
  "http://trawler.dev/schema/core/0.1#type" : [ {
    "@value" : "INTEGER"
  } ]
}, {
  "@id" : "urn:tr:constraint:postgresql/localhost/postgres/legacy/tagged_items/tagged_items_content_type_id_8ab1de40_fk_django_content_type_id",
  "@type" : [ "tr:Constraint" ],
  "tr:hasFields" : [ {
    "@id" : "urn:tr:column:postgresql/localhost/postgres/legacy/django_content_type/id"
  } ]
}, {
  "@id" : "urn:tr:constraint:postgresql/localhost/postgres/legacy/tagged_items/tagged_items_tag_id_95f5569a_fk_tags_id",
  "@type" : [ "tr:Constraint" ],
  "tr:hasFields" : [ {
    "@id" : "urn:tr:column:postgresql/localhost/postgres/legacy/tags/id"
  } ]
}, {
  "@id" : "urn:tr:table:postgresql/localhost/postgres/legacy/custom_field_groups",
  "@type" : [ "http://trawler.dev/schema/core/0.1#Table" ],
  "http://schema.org/name" : [ {
    "@value" : "custom_field_groups"
  } ],
  "http://trawler.dev/schema/core/0.1#hasFields" : [ {
    "@id" : "urn:tr:field:postgresql/localhost/postgres/legacy/custom_field_groups/id"
  }, {
    "@id" : "urn:tr:field:postgresql/localhost/postgres/legacy/custom_field_groups/created_at"
  }, {
    "@id" : "urn:tr:field:postgresql/localhost/postgres/legacy/custom_field_groups/updated_at"
  }, {
    "@id" : "urn:tr:field:postgresql/localhost/postgres/legacy/custom_field_groups/order"
  }, {
    "@id" : "urn:tr:field:postgresql/localhost/postgres/legacy/custom_field_groups/name"
  }, {
    "@id" : "urn:tr:field:postgresql/localhost/postgres/legacy/custom_field_groups/project_id"
  }, {
    "@id" : "urn:tr:field:postgresql/localhost/postgres/legacy/custom_field_groups/category"
  } ]
}, {
  "@id" : "urn:tr:field:postgresql/localhost/postgres/legacy/custom_field_groups/id",
  "http://schema.org/name" : [ {
    "@value" : "id"
  } ],
  "http://trawler.dev/schema/core/0.1#isNullable" : [ {
    "@value" : false
  } ],
  "http://trawler.dev/schema/core/0.1#relations" : [ ],
  "http://trawler.dev/schema/core/0.1#type" : [ {
    "@value" : "INTEGER"
  } ]
}, {
  "@id" : "urn:tr:field:postgresql/localhost/postgres/legacy/custom_field_groups/created_at",
  "http://schema.org/name" : [ {
    "@value" : "created_at"
  } ],
  "http://trawler.dev/schema/core/0.1#isNullable" : [ {
    "@value" : true
  } ],
  "http://trawler.dev/schema/core/0.1#relations" : [ ],
  "http://trawler.dev/schema/core/0.1#type" : [ {
    "@value" : "TIMESTAMP"
  } ]
}, {
  "@id" : "urn:tr:field:postgresql/localhost/postgres/legacy/custom_field_groups/updated_at",
  "http://schema.org/name" : [ {
    "@value" : "updated_at"
  } ],
  "http://trawler.dev/schema/core/0.1#isNullable" : [ {
    "@value" : true
  } ],
  "http://trawler.dev/schema/core/0.1#relations" : [ ],
  "http://trawler.dev/schema/core/0.1#type" : [ {
    "@value" : "TIMESTAMP"
  } ]
}, {
  "@id" : "urn:tr:field:postgresql/localhost/postgres/legacy/custom_field_groups/order",
  "http://schema.org/name" : [ {
    "@value" : "order"
  } ],
  "http://trawler.dev/schema/core/0.1#isNullable" : [ {
    "@value" : false
  } ],
  "http://trawler.dev/schema/core/0.1#relations" : [ ],
  "http://trawler.dev/schema/core/0.1#type" : [ {
    "@value" : "SMALLINT"
  } ]
}, {
  "@id" : "urn:tr:field:postgresql/localhost/postgres/legacy/custom_field_groups/name",
  "http://schema.org/name" : [ {
    "@value" : "name"
  } ],
  "http://trawler.dev/schema/core/0.1#isNullable" : [ {
    "@value" : false
  } ],
  "http://trawler.dev/schema/core/0.1#relations" : [ ],
  "http://trawler.dev/schema/core/0.1#type" : [ {
    "@value" : "VARCHAR"
  } ]
}, {
  "@id" : "urn:tr:field:postgresql/localhost/postgres/legacy/custom_field_groups/project_id",
  "http://schema.org/name" : [ {
    "@value" : "project_id"
  } ],
  "http://trawler.dev/schema/core/0.1#isNullable" : [ {
    "@value" : false
  } ],
  "http://trawler.dev/schema/core/0.1#relations" : [ {
    "@value" : "urn:tr:constraint:postgresql/localhost/postgres/legacy/custom_field_groups/custom_field_groups_project_id_a3a21d75_fk_projects_id"
  } ],
  "http://trawler.dev/schema/core/0.1#type" : [ {
    "@value" : "INTEGER"
  } ]
}, {
  "@id" : "urn:tr:field:postgresql/localhost/postgres/legacy/custom_field_groups/category",
  "http://schema.org/name" : [ {
    "@value" : "category"
  } ],
  "http://trawler.dev/schema/core/0.1#isNullable" : [ {
    "@value" : false
  } ],
  "http://trawler.dev/schema/core/0.1#relations" : [ ],
  "http://trawler.dev/schema/core/0.1#type" : [ {
    "@value" : "TEXT"
  } ]
}, {
  "@id" : "urn:tr:constraint:postgresql/localhost/postgres/legacy/custom_field_groups/custom_field_groups_project_id_a3a21d75_fk_projects_id",
  "@type" : [ "tr:Constraint" ],
  "tr:hasFields" : [ {
    "@id" : "urn:tr:column:postgresql/localhost/postgres/legacy/projects/id"
  } ]
}, {
  "@id" : "urn:tr:table:postgresql/localhost/postgres/legacy/schedule_items",
  "@type" : [ "http://trawler.dev/schema/core/0.1#Table" ],
  "http://schema.org/name" : [ {
    "@value" : "schedule_items"
  } ],
  "http://trawler.dev/schema/core/0.1#hasFields" : [ {
    "@id" : "urn:tr:field:postgresql/localhost/postgres/legacy/schedule_items/created_at"
  }, {
    "@id" : "urn:tr:field:postgresql/localhost/postgres/legacy/schedule_items/updated_at"
  }, {
    "@id" : "urn:tr:field:postgresql/localhost/postgres/legacy/schedule_items/id"
  }, {
    "@id" : "urn:tr:field:postgresql/localhost/postgres/legacy/schedule_items/name"
  }, {
    "@id" : "urn:tr:field:postgresql/localhost/postgres/legacy/schedule_items/parent_id"
  }, {
    "@id" : "urn:tr:field:postgresql/localhost/postgres/legacy/schedule_items/description"
  } ]
}, {
  "@id" : "urn:tr:field:postgresql/localhost/postgres/legacy/schedule_items/created_at",
  "http://schema.org/name" : [ {
    "@value" : "created_at"
  } ],
  "http://trawler.dev/schema/core/0.1#isNullable" : [ {
    "@value" : true
  } ],
  "http://trawler.dev/schema/core/0.1#relations" : [ ],
  "http://trawler.dev/schema/core/0.1#type" : [ {
    "@value" : "TIMESTAMP"
  } ]
}, {
  "@id" : "urn:tr:field:postgresql/localhost/postgres/legacy/schedule_items/updated_at",
  "http://schema.org/name" : [ {
    "@value" : "updated_at"
  } ],
  "http://trawler.dev/schema/core/0.1#isNullable" : [ {
    "@value" : true
  } ],
  "http://trawler.dev/schema/core/0.1#relations" : [ ],
  "http://trawler.dev/schema/core/0.1#type" : [ {
    "@value" : "TIMESTAMP"
  } ]
}, {
  "@id" : "urn:tr:field:postgresql/localhost/postgres/legacy/schedule_items/id",
  "http://schema.org/name" : [ {
    "@value" : "id"
  } ],
  "http://trawler.dev/schema/core/0.1#isNullable" : [ {
    "@value" : false
  } ],
  "http://trawler.dev/schema/core/0.1#relations" : [ ],
  "http://trawler.dev/schema/core/0.1#type" : [ {
    "@value" : "INTEGER"
  } ]
}, {
  "@id" : "urn:tr:field:postgresql/localhost/postgres/legacy/schedule_items/name",
  "http://schema.org/name" : [ {
    "@value" : "name"
  } ],
  "http://trawler.dev/schema/core/0.1#isNullable" : [ {
    "@value" : false
  } ],
  "http://trawler.dev/schema/core/0.1#relations" : [ ],
  "http://trawler.dev/schema/core/0.1#type" : [ {
    "@value" : "TEXT"
  } ]
}, {
  "@id" : "urn:tr:field:postgresql/localhost/postgres/legacy/schedule_items/parent_id",
  "http://schema.org/name" : [ {
    "@value" : "parent_id"
  } ],
  "http://trawler.dev/schema/core/0.1#isNullable" : [ {
    "@value" : true
  } ],
  "http://trawler.dev/schema/core/0.1#relations" : [ {
    "@value" : "urn:tr:constraint:postgresql/localhost/postgres/legacy/schedule_items/schedule_items_parent_id_7ecfc8a9_fk_schedule_items_id"
  } ],
  "http://trawler.dev/schema/core/0.1#type" : [ {
    "@value" : "INTEGER"
  } ]
}, {
  "@id" : "urn:tr:field:postgresql/localhost/postgres/legacy/schedule_items/description",
  "http://schema.org/name" : [ {
    "@value" : "description"
  } ],
  "http://trawler.dev/schema/core/0.1#isNullable" : [ {
    "@value" : true
  } ],
  "http://trawler.dev/schema/core/0.1#relations" : [ ],
  "http://trawler.dev/schema/core/0.1#type" : [ {
    "@value" : "TEXT"
  } ]
}, {
  "@id" : "urn:tr:constraint:postgresql/localhost/postgres/legacy/schedule_items/schedule_items_parent_id_7ecfc8a9_fk_schedule_items_id",
  "@type" : [ "tr:Constraint" ],
  "tr:hasFields" : [ {
    "@id" : "urn:tr:column:postgresql/localhost/postgres/legacy/schedule_items/id"
  } ]
}, {
  "@id" : "urn:tr:table:postgresql/localhost/postgres/legacy/company_roles",
  "@type" : [ "http://trawler.dev/schema/core/0.1#Table" ],
  "http://schema.org/name" : [ {
    "@value" : "company_roles"
  } ],
  "http://trawler.dev/schema/core/0.1#hasFields" : [ {
    "@id" : "urn:tr:field:postgresql/localhost/postgres/legacy/company_roles/created_at"
  }, {
    "@id" : "urn:tr:field:postgresql/localhost/postgres/legacy/company_roles/updated_at"
  }, {
    "@id" : "urn:tr:field:postgresql/localhost/postgres/legacy/company_roles/id"
  }, {
    "@id" : "urn:tr:field:postgresql/localhost/postgres/legacy/company_roles/role"
  }, {
    "@id" : "urn:tr:field:postgresql/localhost/postgres/legacy/company_roles/company_id"
  }, {
    "@id" : "urn:tr:field:postgresql/localhost/postgres/legacy/company_roles/user_id"
  }, {
    "@id" : "urn:tr:field:postgresql/localhost/postgres/legacy/company_roles/expires_at"
  } ]
}, {
  "@id" : "urn:tr:field:postgresql/localhost/postgres/legacy/company_roles/created_at",
  "http://schema.org/name" : [ {
    "@value" : "created_at"
  } ],
  "http://trawler.dev/schema/core/0.1#isNullable" : [ {
    "@value" : true
  } ],
  "http://trawler.dev/schema/core/0.1#relations" : [ ],
  "http://trawler.dev/schema/core/0.1#type" : [ {
    "@value" : "TIMESTAMP"
  } ]
}, {
  "@id" : "urn:tr:field:postgresql/localhost/postgres/legacy/company_roles/updated_at",
  "http://schema.org/name" : [ {
    "@value" : "updated_at"
  } ],
  "http://trawler.dev/schema/core/0.1#isNullable" : [ {
    "@value" : true
  } ],
  "http://trawler.dev/schema/core/0.1#relations" : [ ],
  "http://trawler.dev/schema/core/0.1#type" : [ {
    "@value" : "TIMESTAMP"
  } ]
}, {
  "@id" : "urn:tr:field:postgresql/localhost/postgres/legacy/company_roles/id",
  "http://schema.org/name" : [ {
    "@value" : "id"
  } ],
  "http://trawler.dev/schema/core/0.1#isNullable" : [ {
    "@value" : false
  } ],
  "http://trawler.dev/schema/core/0.1#relations" : [ ],
  "http://trawler.dev/schema/core/0.1#type" : [ {
    "@value" : "INTEGER"
  } ]
}, {
  "@id" : "urn:tr:field:postgresql/localhost/postgres/legacy/company_roles/role",
  "http://schema.org/name" : [ {
    "@value" : "role"
  } ],
  "http://trawler.dev/schema/core/0.1#isNullable" : [ {
    "@value" : false
  } ],
  "http://trawler.dev/schema/core/0.1#relations" : [ ],
  "http://trawler.dev/schema/core/0.1#type" : [ {
    "@value" : "SMALLINT"
  } ]
}, {
  "@id" : "urn:tr:field:postgresql/localhost/postgres/legacy/company_roles/company_id",
  "http://schema.org/name" : [ {
    "@value" : "company_id"
  } ],
  "http://trawler.dev/schema/core/0.1#isNullable" : [ {
    "@value" : false
  } ],
  "http://trawler.dev/schema/core/0.1#relations" : [ {
    "@value" : "urn:tr:constraint:postgresql/localhost/postgres/legacy/company_roles/company_roles_company_id_7f6e605f_fk_companies_id"
  } ],
  "http://trawler.dev/schema/core/0.1#type" : [ {
    "@value" : "INTEGER"
  } ]
}, {
  "@id" : "urn:tr:field:postgresql/localhost/postgres/legacy/company_roles/user_id",
  "http://schema.org/name" : [ {
    "@value" : "user_id"
  } ],
  "http://trawler.dev/schema/core/0.1#isNullable" : [ {
    "@value" : false
  } ],
  "http://trawler.dev/schema/core/0.1#relations" : [ {
    "@value" : "urn:tr:constraint:postgresql/localhost/postgres/legacy/company_roles/company_roles_user_id_3778b372_fk_users_id"
  } ],
  "http://trawler.dev/schema/core/0.1#type" : [ {
    "@value" : "INTEGER"
  } ]
}, {
  "@id" : "urn:tr:field:postgresql/localhost/postgres/legacy/company_roles/expires_at",
  "http://schema.org/name" : [ {
    "@value" : "expires_at"
  } ],
  "http://trawler.dev/schema/core/0.1#isNullable" : [ {
    "@value" : true
  } ],
  "http://trawler.dev/schema/core/0.1#relations" : [ ],
  "http://trawler.dev/schema/core/0.1#type" : [ {
    "@value" : "TIMESTAMP"
  } ]
}, {
  "@id" : "urn:tr:constraint:postgresql/localhost/postgres/legacy/company_roles/company_roles_company_id_7f6e605f_fk_companies_id",
  "@type" : [ "tr:Constraint" ],
  "tr:hasFields" : [ {
    "@id" : "urn:tr:column:postgresql/localhost/postgres/legacy/companies/id"
  } ]
}, {
  "@id" : "urn:tr:constraint:postgresql/localhost/postgres/legacy/company_roles/company_roles_user_id_3778b372_fk_users_id",
  "@type" : [ "tr:Constraint" ],
  "tr:hasFields" : [ {
    "@id" : "urn:tr:column:postgresql/localhost/postgres/legacy/users/id"
  } ]
}, {
  "@id" : "urn:tr:table:postgresql/localhost/postgres/legacy/onboarding_progress",
  "@type" : [ "http://trawler.dev/schema/core/0.1#Table" ],
  "http://schema.org/name" : [ {
    "@value" : "onboarding_progress"
  } ],
  "http://trawler.dev/schema/core/0.1#hasFields" : [ {
    "@id" : "urn:tr:field:postgresql/localhost/postgres/legacy/onboarding_progress/created_at"
  }, {
    "@id" : "urn:tr:field:postgresql/localhost/postgres/legacy/onboarding_progress/updated_at"
  }, {
    "@id" : "urn:tr:field:postgresql/localhost/postgres/legacy/onboarding_progress/id"
  }, {
    "@id" : "urn:tr:field:postgresql/localhost/postgres/legacy/onboarding_progress/dashboard"
  }, {
    "@id" : "urn:tr:field:postgresql/localhost/postgres/legacy/onboarding_progress/overview"
  }, {
    "@id" : "urn:tr:field:postgresql/localhost/postgres/legacy/onboarding_progress/documents"
  }, {
    "@id" : "urn:tr:field:postgresql/localhost/postgres/legacy/onboarding_progress/schedule"
  }, {
    "@id" : "urn:tr:field:postgresql/localhost/postgres/legacy/onboarding_progress/user_id"
  }, {
    "@id" : "urn:tr:field:postgresql/localhost/postgres/legacy/onboarding_progress/financials"
  } ]
}, {
  "@id" : "urn:tr:field:postgresql/localhost/postgres/legacy/onboarding_progress/created_at",
  "http://schema.org/name" : [ {
    "@value" : "created_at"
  } ],
  "http://trawler.dev/schema/core/0.1#isNullable" : [ {
    "@value" : true
  } ],
  "http://trawler.dev/schema/core/0.1#relations" : [ ],
  "http://trawler.dev/schema/core/0.1#type" : [ {
    "@value" : "TIMESTAMP"
  } ]
}, {
  "@id" : "urn:tr:field:postgresql/localhost/postgres/legacy/onboarding_progress/updated_at",
  "http://schema.org/name" : [ {
    "@value" : "updated_at"
  } ],
  "http://trawler.dev/schema/core/0.1#isNullable" : [ {
    "@value" : true
  } ],
  "http://trawler.dev/schema/core/0.1#relations" : [ ],
  "http://trawler.dev/schema/core/0.1#type" : [ {
    "@value" : "TIMESTAMP"
  } ]
}, {
  "@id" : "urn:tr:field:postgresql/localhost/postgres/legacy/onboarding_progress/id",
  "http://schema.org/name" : [ {
    "@value" : "id"
  } ],
  "http://trawler.dev/schema/core/0.1#isNullable" : [ {
    "@value" : false
  } ],
  "http://trawler.dev/schema/core/0.1#relations" : [ ],
  "http://trawler.dev/schema/core/0.1#type" : [ {
    "@value" : "INTEGER"
  } ]
}, {
  "@id" : "urn:tr:field:postgresql/localhost/postgres/legacy/onboarding_progress/dashboard",
  "http://schema.org/name" : [ {
    "@value" : "dashboard"
  } ],
  "http://trawler.dev/schema/core/0.1#isNullable" : [ {
    "@value" : false
  } ],
  "http://trawler.dev/schema/core/0.1#relations" : [ ],
  "http://trawler.dev/schema/core/0.1#type" : [ {
    "@value" : "SMALLINT"
  } ]
}, {
  "@id" : "urn:tr:field:postgresql/localhost/postgres/legacy/onboarding_progress/overview",
  "http://schema.org/name" : [ {
    "@value" : "overview"
  } ],
  "http://trawler.dev/schema/core/0.1#isNullable" : [ {
    "@value" : false
  } ],
  "http://trawler.dev/schema/core/0.1#relations" : [ ],
  "http://trawler.dev/schema/core/0.1#type" : [ {
    "@value" : "SMALLINT"
  } ]
}, {
  "@id" : "urn:tr:field:postgresql/localhost/postgres/legacy/onboarding_progress/documents",
  "http://schema.org/name" : [ {
    "@value" : "documents"
  } ],
  "http://trawler.dev/schema/core/0.1#isNullable" : [ {
    "@value" : false
  } ],
  "http://trawler.dev/schema/core/0.1#relations" : [ ],
  "http://trawler.dev/schema/core/0.1#type" : [ {
    "@value" : "SMALLINT"
  } ]
}, {
  "@id" : "urn:tr:field:postgresql/localhost/postgres/legacy/onboarding_progress/schedule",
  "http://schema.org/name" : [ {
    "@value" : "schedule"
  } ],
  "http://trawler.dev/schema/core/0.1#isNullable" : [ {
    "@value" : false
  } ],
  "http://trawler.dev/schema/core/0.1#relations" : [ ],
  "http://trawler.dev/schema/core/0.1#type" : [ {
    "@value" : "SMALLINT"
  } ]
}, {
  "@id" : "urn:tr:field:postgresql/localhost/postgres/legacy/onboarding_progress/user_id",
  "http://schema.org/name" : [ {
    "@value" : "user_id"
  } ],
  "http://trawler.dev/schema/core/0.1#isNullable" : [ {
    "@value" : false
  } ],
  "http://trawler.dev/schema/core/0.1#relations" : [ {
    "@value" : "urn:tr:constraint:postgresql/localhost/postgres/legacy/onboarding_progress/onboarding_progress_user_id_b54bb656_fk_users_id"
  } ],
  "http://trawler.dev/schema/core/0.1#type" : [ {
    "@value" : "INTEGER"
  } ]
}, {
  "@id" : "urn:tr:field:postgresql/localhost/postgres/legacy/onboarding_progress/financials",
  "http://schema.org/name" : [ {
    "@value" : "financials"
  } ],
  "http://trawler.dev/schema/core/0.1#isNullable" : [ {
    "@value" : false
  } ],
  "http://trawler.dev/schema/core/0.1#relations" : [ ],
  "http://trawler.dev/schema/core/0.1#type" : [ {
    "@value" : "SMALLINT"
  } ]
}, {
  "@id" : "urn:tr:constraint:postgresql/localhost/postgres/legacy/onboarding_progress/onboarding_progress_user_id_b54bb656_fk_users_id",
  "@type" : [ "tr:Constraint" ],
  "tr:hasFields" : [ {
    "@id" : "urn:tr:column:postgresql/localhost/postgres/legacy/users/id"
  } ]
}, {
  "@id" : "urn:tr:table:postgresql/localhost/postgres/legacy/event_context",
  "@type" : [ "http://trawler.dev/schema/core/0.1#Table" ],
  "http://schema.org/name" : [ {
    "@value" : "event_context"
  } ],
  "http://trawler.dev/schema/core/0.1#hasFields" : [ {
    "@id" : "urn:tr:field:postgresql/localhost/postgres/legacy/event_context/id"
  }, {
    "@id" : "urn:tr:field:postgresql/localhost/postgres/legacy/event_context/model_name"
  }, {
    "@id" : "urn:tr:field:postgresql/localhost/postgres/legacy/event_context/category"
  }, {
    "@id" : "urn:tr:field:postgresql/localhost/postgres/legacy/event_context/for_admins"
  }, {
    "@id" : "urn:tr:field:postgresql/localhost/postgres/legacy/event_context/for_assignees"
  } ]
}, {
  "@id" : "urn:tr:field:postgresql/localhost/postgres/legacy/event_context/id",
  "http://schema.org/name" : [ {
    "@value" : "id"
  } ],
  "http://trawler.dev/schema/core/0.1#isNullable" : [ {
    "@value" : false
  } ],
  "http://trawler.dev/schema/core/0.1#relations" : [ ],
  "http://trawler.dev/schema/core/0.1#type" : [ {
    "@value" : "INTEGER"
  } ]
}, {
  "@id" : "urn:tr:field:postgresql/localhost/postgres/legacy/event_context/model_name",
  "http://schema.org/name" : [ {
    "@value" : "model_name"
  } ],
  "http://trawler.dev/schema/core/0.1#isNullable" : [ {
    "@value" : false
  } ],
  "http://trawler.dev/schema/core/0.1#relations" : [ ],
  "http://trawler.dev/schema/core/0.1#type" : [ {
    "@value" : "TEXT"
  } ]
}, {
  "@id" : "urn:tr:field:postgresql/localhost/postgres/legacy/event_context/category",
  "http://schema.org/name" : [ {
    "@value" : "category"
  } ],
  "http://trawler.dev/schema/core/0.1#isNullable" : [ {
    "@value" : false
  } ],
  "http://trawler.dev/schema/core/0.1#relations" : [ ],
  "http://trawler.dev/schema/core/0.1#type" : [ {
    "@value" : "SMALLINT"
  } ]
}, {
  "@id" : "urn:tr:field:postgresql/localhost/postgres/legacy/event_context/for_admins",
  "http://schema.org/name" : [ {
    "@value" : "for_admins"
  } ],
  "http://trawler.dev/schema/core/0.1#isNullable" : [ {
    "@value" : false
  } ],
  "http://trawler.dev/schema/core/0.1#relations" : [ ],
  "http://trawler.dev/schema/core/0.1#type" : [ {
    "@value" : "BOOLEAN"
  } ]
}, {
  "@id" : "urn:tr:field:postgresql/localhost/postgres/legacy/event_context/for_assignees",
  "http://schema.org/name" : [ {
    "@value" : "for_assignees"
  } ],
  "http://trawler.dev/schema/core/0.1#isNullable" : [ {
    "@value" : false
  } ],
  "http://trawler.dev/schema/core/0.1#relations" : [ ],
  "http://trawler.dev/schema/core/0.1#type" : [ {
    "@value" : "BOOLEAN"
  } ]
}, {
  "@id" : "urn:tr:table:postgresql/localhost/postgres/legacy/custom_fields",
  "@type" : [ "http://trawler.dev/schema/core/0.1#Table" ],
  "http://schema.org/name" : [ {
    "@value" : "custom_fields"
  } ],
  "http://trawler.dev/schema/core/0.1#hasFields" : [ {
    "@id" : "urn:tr:field:postgresql/localhost/postgres/legacy/custom_fields/id"
  }, {
    "@id" : "urn:tr:field:postgresql/localhost/postgres/legacy/custom_fields/created_at"
  }, {
    "@id" : "urn:tr:field:postgresql/localhost/postgres/legacy/custom_fields/updated_at"
  }, {
    "@id" : "urn:tr:field:postgresql/localhost/postgres/legacy/custom_fields/order"
  }, {
    "@id" : "urn:tr:field:postgresql/localhost/postgres/legacy/custom_fields/value_numeric"
  }, {
    "@id" : "urn:tr:field:postgresql/localhost/postgres/legacy/custom_fields/value_text"
  }, {
    "@id" : "urn:tr:field:postgresql/localhost/postgres/legacy/custom_fields/field_definition_id"
  }, {
    "@id" : "urn:tr:field:postgresql/localhost/postgres/legacy/custom_fields/group_id"
  }, {
    "@id" : "urn:tr:field:postgresql/localhost/postgres/legacy/custom_fields/highlighted"
  }, {
    "@id" : "urn:tr:field:postgresql/localhost/postgres/legacy/custom_fields/value_date"
  }, {
    "@id" : "urn:tr:field:postgresql/localhost/postgres/legacy/custom_fields/connection_id"
  } ]
}, {
  "@id" : "urn:tr:field:postgresql/localhost/postgres/legacy/custom_fields/id",
  "http://schema.org/name" : [ {
    "@value" : "id"
  } ],
  "http://trawler.dev/schema/core/0.1#isNullable" : [ {
    "@value" : false
  } ],
  "http://trawler.dev/schema/core/0.1#relations" : [ ],
  "http://trawler.dev/schema/core/0.1#type" : [ {
    "@value" : "INTEGER"
  } ]
}, {
  "@id" : "urn:tr:field:postgresql/localhost/postgres/legacy/custom_fields/created_at",
  "http://schema.org/name" : [ {
    "@value" : "created_at"
  } ],
  "http://trawler.dev/schema/core/0.1#isNullable" : [ {
    "@value" : true
  } ],
  "http://trawler.dev/schema/core/0.1#relations" : [ ],
  "http://trawler.dev/schema/core/0.1#type" : [ {
    "@value" : "TIMESTAMP"
  } ]
}, {
  "@id" : "urn:tr:field:postgresql/localhost/postgres/legacy/custom_fields/updated_at",
  "http://schema.org/name" : [ {
    "@value" : "updated_at"
  } ],
  "http://trawler.dev/schema/core/0.1#isNullable" : [ {
    "@value" : true
  } ],
  "http://trawler.dev/schema/core/0.1#relations" : [ ],
  "http://trawler.dev/schema/core/0.1#type" : [ {
    "@value" : "TIMESTAMP"
  } ]
}, {
  "@id" : "urn:tr:field:postgresql/localhost/postgres/legacy/custom_fields/order",
  "http://schema.org/name" : [ {
    "@value" : "order"
  } ],
  "http://trawler.dev/schema/core/0.1#isNullable" : [ {
    "@value" : false
  } ],
  "http://trawler.dev/schema/core/0.1#relations" : [ ],
  "http://trawler.dev/schema/core/0.1#type" : [ {
    "@value" : "SMALLINT"
  } ]
}, {
  "@id" : "urn:tr:field:postgresql/localhost/postgres/legacy/custom_fields/value_numeric",
  "http://schema.org/name" : [ {
    "@value" : "value_numeric"
  } ],
  "http://trawler.dev/schema/core/0.1#isNullable" : [ {
    "@value" : true
  } ],
  "http://trawler.dev/schema/core/0.1#relations" : [ ],
  "http://trawler.dev/schema/core/0.1#type" : [ {
    "@value" : "NUMERIC"
  } ]
}, {
  "@id" : "urn:tr:field:postgresql/localhost/postgres/legacy/custom_fields/value_text",
  "http://schema.org/name" : [ {
    "@value" : "value_text"
  } ],
  "http://trawler.dev/schema/core/0.1#isNullable" : [ {
    "@value" : true
  } ],
  "http://trawler.dev/schema/core/0.1#relations" : [ ],
  "http://trawler.dev/schema/core/0.1#type" : [ {
    "@value" : "TEXT"
  } ]
}, {
  "@id" : "urn:tr:field:postgresql/localhost/postgres/legacy/custom_fields/field_definition_id",
  "http://schema.org/name" : [ {
    "@value" : "field_definition_id"
  } ],
  "http://trawler.dev/schema/core/0.1#isNullable" : [ {
    "@value" : false
  } ],
  "http://trawler.dev/schema/core/0.1#relations" : [ {
    "@value" : "urn:tr:constraint:postgresql/localhost/postgres/legacy/custom_fields/custom_fields_field_definition_id_bd2d8122_fk_custom_fi"
  } ],
  "http://trawler.dev/schema/core/0.1#type" : [ {
    "@value" : "INTEGER"
  } ]
}, {
  "@id" : "urn:tr:field:postgresql/localhost/postgres/legacy/custom_fields/group_id",
  "http://schema.org/name" : [ {
    "@value" : "group_id"
  } ],
  "http://trawler.dev/schema/core/0.1#isNullable" : [ {
    "@value" : false
  } ],
  "http://trawler.dev/schema/core/0.1#relations" : [ {
    "@value" : "urn:tr:constraint:postgresql/localhost/postgres/legacy/custom_fields/custom_fields_group_id_35901efd_fk_custom_field_groups_id"
  } ],
  "http://trawler.dev/schema/core/0.1#type" : [ {
    "@value" : "INTEGER"
  } ]
}, {
  "@id" : "urn:tr:field:postgresql/localhost/postgres/legacy/custom_fields/highlighted",
  "http://schema.org/name" : [ {
    "@value" : "highlighted"
  } ],
  "http://trawler.dev/schema/core/0.1#isNullable" : [ {
    "@value" : false
  } ],
  "http://trawler.dev/schema/core/0.1#relations" : [ ],
  "http://trawler.dev/schema/core/0.1#type" : [ {
    "@value" : "BOOLEAN"
  } ]
}, {
  "@id" : "urn:tr:field:postgresql/localhost/postgres/legacy/custom_fields/value_date",
  "http://schema.org/name" : [ {
    "@value" : "value_date"
  } ],
  "http://trawler.dev/schema/core/0.1#isNullable" : [ {
    "@value" : true
  } ],
  "http://trawler.dev/schema/core/0.1#relations" : [ ],
  "http://trawler.dev/schema/core/0.1#type" : [ {
    "@value" : "DATE"
  } ]
}, {
  "@id" : "urn:tr:field:postgresql/localhost/postgres/legacy/custom_fields/connection_id",
  "http://schema.org/name" : [ {
    "@value" : "connection_id"
  } ],
  "http://trawler.dev/schema/core/0.1#isNullable" : [ {
    "@value" : true
  } ],
  "http://trawler.dev/schema/core/0.1#relations" : [ ],
  "http://trawler.dev/schema/core/0.1#type" : [ {
    "@value" : "INTEGER"
  } ]
}, {
  "@id" : "urn:tr:constraint:postgresql/localhost/postgres/legacy/custom_fields/custom_fields_field_definition_id_bd2d8122_fk_custom_fi",
  "@type" : [ "tr:Constraint" ],
  "tr:hasFields" : [ {
    "@id" : "urn:tr:column:postgresql/localhost/postgres/legacy/custom_field_definitions/id"
  } ]
}, {
  "@id" : "urn:tr:constraint:postgresql/localhost/postgres/legacy/custom_fields/custom_fields_group_id_35901efd_fk_custom_field_groups_id",
  "@type" : [ "tr:Constraint" ],
  "tr:hasFields" : [ {
    "@id" : "urn:tr:column:postgresql/localhost/postgres/legacy/custom_field_groups/id"
  } ]
}, {
  "@id" : "urn:tr:table:postgresql/localhost/postgres/legacy/milestones",
  "@type" : [ "http://trawler.dev/schema/core/0.1#Table" ],
  "http://schema.org/name" : [ {
    "@value" : "milestones"
  } ],
  "http://trawler.dev/schema/core/0.1#hasFields" : [ {
    "@id" : "urn:tr:field:postgresql/localhost/postgres/legacy/milestones/scheduleitem_ptr_id"
  }, {
    "@id" : "urn:tr:field:postgresql/localhost/postgres/legacy/milestones/due_date"
  } ]
}, {
  "@id" : "urn:tr:field:postgresql/localhost/postgres/legacy/milestones/scheduleitem_ptr_id",
  "http://schema.org/name" : [ {
    "@value" : "scheduleitem_ptr_id"
  } ],
  "http://trawler.dev/schema/core/0.1#isNullable" : [ {
    "@value" : false
  } ],
  "http://trawler.dev/schema/core/0.1#relations" : [ {
    "@value" : "urn:tr:constraint:postgresql/localhost/postgres/legacy/milestones/milestones_scheduleitem_ptr_id_6a9a4ac5_fk_schedule_items_id"
  } ],
  "http://trawler.dev/schema/core/0.1#type" : [ {
    "@value" : "INTEGER"
  } ]
}, {
  "@id" : "urn:tr:field:postgresql/localhost/postgres/legacy/milestones/due_date",
  "http://schema.org/name" : [ {
    "@value" : "due_date"
  } ],
  "http://trawler.dev/schema/core/0.1#isNullable" : [ {
    "@value" : false
  } ],
  "http://trawler.dev/schema/core/0.1#relations" : [ ],
  "http://trawler.dev/schema/core/0.1#type" : [ {
    "@value" : "DATE"
  } ]
}, {
  "@id" : "urn:tr:constraint:postgresql/localhost/postgres/legacy/milestones/milestones_scheduleitem_ptr_id_6a9a4ac5_fk_schedule_items_id",
  "@type" : [ "tr:Constraint" ],
  "tr:hasFields" : [ {
    "@id" : "urn:tr:column:postgresql/localhost/postgres/legacy/schedule_items/id"
  } ]
}, {
  "@id" : "urn:tr:table:postgresql/localhost/postgres/legacy/schedule_groups",
  "@type" : [ "http://trawler.dev/schema/core/0.1#Table" ],
  "http://schema.org/name" : [ {
    "@value" : "schedule_groups"
  } ],
  "http://trawler.dev/schema/core/0.1#hasFields" : [ {
    "@id" : "urn:tr:field:postgresql/localhost/postgres/legacy/schedule_groups/scheduleitem_ptr_id"
  }, {
    "@id" : "urn:tr:field:postgresql/localhost/postgres/legacy/schedule_groups/project_id"
  } ]
}, {
  "@id" : "urn:tr:field:postgresql/localhost/postgres/legacy/schedule_groups/scheduleitem_ptr_id",
  "http://schema.org/name" : [ {
    "@value" : "scheduleitem_ptr_id"
  } ],
  "http://trawler.dev/schema/core/0.1#isNullable" : [ {
    "@value" : false
  } ],
  "http://trawler.dev/schema/core/0.1#relations" : [ {
    "@value" : "urn:tr:constraint:postgresql/localhost/postgres/legacy/schedule_groups/schedule_groups_scheduleitem_ptr_id_35e5d74c_fk_schedule_"
  } ],
  "http://trawler.dev/schema/core/0.1#type" : [ {
    "@value" : "INTEGER"
  } ]
}, {
  "@id" : "urn:tr:field:postgresql/localhost/postgres/legacy/schedule_groups/project_id",
  "http://schema.org/name" : [ {
    "@value" : "project_id"
  } ],
  "http://trawler.dev/schema/core/0.1#isNullable" : [ {
    "@value" : false
  } ],
  "http://trawler.dev/schema/core/0.1#relations" : [ {
    "@value" : "urn:tr:constraint:postgresql/localhost/postgres/legacy/schedule_groups/schedule_groups_project_id_d8552e60_fk_projects_id"
  } ],
  "http://trawler.dev/schema/core/0.1#type" : [ {
    "@value" : "INTEGER"
  } ]
}, {
  "@id" : "urn:tr:constraint:postgresql/localhost/postgres/legacy/schedule_groups/schedule_groups_project_id_d8552e60_fk_projects_id",
  "@type" : [ "tr:Constraint" ],
  "tr:hasFields" : [ {
    "@id" : "urn:tr:column:postgresql/localhost/postgres/legacy/projects/id"
  } ]
}, {
  "@id" : "urn:tr:constraint:postgresql/localhost/postgres/legacy/schedule_groups/schedule_groups_scheduleitem_ptr_id_35e5d74c_fk_schedule_",
  "@type" : [ "tr:Constraint" ],
  "tr:hasFields" : [ {
    "@id" : "urn:tr:column:postgresql/localhost/postgres/legacy/schedule_items/id"
  } ]
}, {
  "@id" : "urn:tr:table:postgresql/localhost/postgres/legacy/links",
  "@type" : [ "http://trawler.dev/schema/core/0.1#Table" ],
  "http://schema.org/name" : [ {
    "@value" : "links"
  } ],
  "http://trawler.dev/schema/core/0.1#hasFields" : [ {
    "@id" : "urn:tr:field:postgresql/localhost/postgres/legacy/links/created_at"
  }, {
    "@id" : "urn:tr:field:postgresql/localhost/postgres/legacy/links/updated_at"
  }, {
    "@id" : "urn:tr:field:postgresql/localhost/postgres/legacy/links/id"
  }, {
    "@id" : "urn:tr:field:postgresql/localhost/postgres/legacy/links/downstream_id"
  }, {
    "@id" : "urn:tr:field:postgresql/localhost/postgres/legacy/links/upstream_id"
  } ]
}, {
  "@id" : "urn:tr:field:postgresql/localhost/postgres/legacy/links/created_at",
  "http://schema.org/name" : [ {
    "@value" : "created_at"
  } ],
  "http://trawler.dev/schema/core/0.1#isNullable" : [ {
    "@value" : true
  } ],
  "http://trawler.dev/schema/core/0.1#relations" : [ ],
  "http://trawler.dev/schema/core/0.1#type" : [ {
    "@value" : "TIMESTAMP"
  } ]
}, {
  "@id" : "urn:tr:field:postgresql/localhost/postgres/legacy/links/updated_at",
  "http://schema.org/name" : [ {
    "@value" : "updated_at"
  } ],
  "http://trawler.dev/schema/core/0.1#isNullable" : [ {
    "@value" : true
  } ],
  "http://trawler.dev/schema/core/0.1#relations" : [ ],
  "http://trawler.dev/schema/core/0.1#type" : [ {
    "@value" : "TIMESTAMP"
  } ]
}, {
  "@id" : "urn:tr:field:postgresql/localhost/postgres/legacy/links/id",
  "http://schema.org/name" : [ {
    "@value" : "id"
  } ],
  "http://trawler.dev/schema/core/0.1#isNullable" : [ {
    "@value" : false
  } ],
  "http://trawler.dev/schema/core/0.1#relations" : [ ],
  "http://trawler.dev/schema/core/0.1#type" : [ {
    "@value" : "INTEGER"
  } ]
}, {
  "@id" : "urn:tr:field:postgresql/localhost/postgres/legacy/links/downstream_id",
  "http://schema.org/name" : [ {
    "@value" : "downstream_id"
  } ],
  "http://trawler.dev/schema/core/0.1#isNullable" : [ {
    "@value" : false
  } ],
  "http://trawler.dev/schema/core/0.1#relations" : [ {
    "@value" : "urn:tr:constraint:postgresql/localhost/postgres/legacy/links/links_downstream_id_bb0d8232_fk_schedule_items_id"
  } ],
  "http://trawler.dev/schema/core/0.1#type" : [ {
    "@value" : "INTEGER"
  } ]
}, {
  "@id" : "urn:tr:field:postgresql/localhost/postgres/legacy/links/upstream_id",
  "http://schema.org/name" : [ {
    "@value" : "upstream_id"
  } ],
  "http://trawler.dev/schema/core/0.1#isNullable" : [ {
    "@value" : false
  } ],
  "http://trawler.dev/schema/core/0.1#relations" : [ {
    "@value" : "urn:tr:constraint:postgresql/localhost/postgres/legacy/links/links_upstream_id_2bf9d14c_fk_schedule_items_id"
  } ],
  "http://trawler.dev/schema/core/0.1#type" : [ {
    "@value" : "INTEGER"
  } ]
}, {
  "@id" : "urn:tr:constraint:postgresql/localhost/postgres/legacy/links/links_downstream_id_bb0d8232_fk_schedule_items_id",
  "@type" : [ "tr:Constraint" ],
  "tr:hasFields" : [ {
    "@id" : "urn:tr:column:postgresql/localhost/postgres/legacy/schedule_items/id"
  } ]
}, {
  "@id" : "urn:tr:constraint:postgresql/localhost/postgres/legacy/links/links_upstream_id_2bf9d14c_fk_schedule_items_id",
  "@type" : [ "tr:Constraint" ],
  "tr:hasFields" : [ {
    "@id" : "urn:tr:column:postgresql/localhost/postgres/legacy/schedule_items/id"
  } ]
}, {
  "@id" : "urn:tr:table:postgresql/localhost/postgres/legacy/authorization_hierarchy",
  "@type" : [ "http://trawler.dev/schema/core/0.1#Table" ],
  "http://schema.org/name" : [ {
    "@value" : "authorization_hierarchy"
  } ],
  "http://trawler.dev/schema/core/0.1#hasFields" : [ {
    "@id" : "urn:tr:field:postgresql/localhost/postgres/legacy/authorization_hierarchy/id"
  }, {
    "@id" : "urn:tr:field:postgresql/localhost/postgres/legacy/authorization_hierarchy/model_name"
  }, {
    "@id" : "urn:tr:field:postgresql/localhost/postgres/legacy/authorization_hierarchy/object_id"
  }, {
    "@id" : "urn:tr:field:postgresql/localhost/postgres/legacy/authorization_hierarchy/breadcrumbs"
  } ]
}, {
  "@id" : "urn:tr:field:postgresql/localhost/postgres/legacy/authorization_hierarchy/id",
  "http://schema.org/name" : [ {
    "@value" : "id"
  } ],
  "http://trawler.dev/schema/core/0.1#isNullable" : [ {
    "@value" : false
  } ],
  "http://trawler.dev/schema/core/0.1#relations" : [ ],
  "http://trawler.dev/schema/core/0.1#type" : [ {
    "@value" : "INTEGER"
  } ]
}, {
  "@id" : "urn:tr:field:postgresql/localhost/postgres/legacy/authorization_hierarchy/model_name",
  "http://schema.org/name" : [ {
    "@value" : "model_name"
  } ],
  "http://trawler.dev/schema/core/0.1#isNullable" : [ {
    "@value" : false
  } ],
  "http://trawler.dev/schema/core/0.1#relations" : [ ],
  "http://trawler.dev/schema/core/0.1#type" : [ {
    "@value" : "TEXT"
  } ]
}, {
  "@id" : "urn:tr:field:postgresql/localhost/postgres/legacy/authorization_hierarchy/object_id",
  "http://schema.org/name" : [ {
    "@value" : "object_id"
  } ],
  "http://trawler.dev/schema/core/0.1#isNullable" : [ {
    "@value" : false
  } ],
  "http://trawler.dev/schema/core/0.1#relations" : [ ],
  "http://trawler.dev/schema/core/0.1#type" : [ {
    "@value" : "INTEGER"
  } ]
}, {
  "@id" : "urn:tr:field:postgresql/localhost/postgres/legacy/authorization_hierarchy/breadcrumbs",
  "http://schema.org/name" : [ {
    "@value" : "breadcrumbs"
  } ],
  "http://trawler.dev/schema/core/0.1#isNullable" : [ {
    "@value" : false
  } ],
  "http://trawler.dev/schema/core/0.1#relations" : [ ],
  "http://trawler.dev/schema/core/0.1#type" : [ {
    "@value" : "null"
  } ]
}, {
  "@id" : "urn:tr:table:postgresql/localhost/postgres/legacy/user_assignments",
  "@type" : [ "http://trawler.dev/schema/core/0.1#Table" ],
  "http://schema.org/name" : [ {
    "@value" : "user_assignments"
  } ],
  "http://trawler.dev/schema/core/0.1#hasFields" : [ {
    "@id" : "urn:tr:field:postgresql/localhost/postgres/legacy/user_assignments/created_at"
  }, {
    "@id" : "urn:tr:field:postgresql/localhost/postgres/legacy/user_assignments/updated_at"
  }, {
    "@id" : "urn:tr:field:postgresql/localhost/postgres/legacy/user_assignments/id"
  }, {
    "@id" : "urn:tr:field:postgresql/localhost/postgres/legacy/user_assignments/object_id"
  }, {
    "@id" : "urn:tr:field:postgresql/localhost/postgres/legacy/user_assignments/content_type_id"
  }, {
    "@id" : "urn:tr:field:postgresql/localhost/postgres/legacy/user_assignments/user_id"
  }, {
    "@id" : "urn:tr:field:postgresql/localhost/postgres/legacy/user_assignments/assigned_by_id"
  } ]
}, {
  "@id" : "urn:tr:field:postgresql/localhost/postgres/legacy/user_assignments/created_at",
  "http://schema.org/name" : [ {
    "@value" : "created_at"
  } ],
  "http://trawler.dev/schema/core/0.1#isNullable" : [ {
    "@value" : true
  } ],
  "http://trawler.dev/schema/core/0.1#relations" : [ ],
  "http://trawler.dev/schema/core/0.1#type" : [ {
    "@value" : "TIMESTAMP"
  } ]
}, {
  "@id" : "urn:tr:field:postgresql/localhost/postgres/legacy/user_assignments/updated_at",
  "http://schema.org/name" : [ {
    "@value" : "updated_at"
  } ],
  "http://trawler.dev/schema/core/0.1#isNullable" : [ {
    "@value" : true
  } ],
  "http://trawler.dev/schema/core/0.1#relations" : [ ],
  "http://trawler.dev/schema/core/0.1#type" : [ {
    "@value" : "TIMESTAMP"
  } ]
}, {
  "@id" : "urn:tr:field:postgresql/localhost/postgres/legacy/user_assignments/id",
  "http://schema.org/name" : [ {
    "@value" : "id"
  } ],
  "http://trawler.dev/schema/core/0.1#isNullable" : [ {
    "@value" : false
  } ],
  "http://trawler.dev/schema/core/0.1#relations" : [ ],
  "http://trawler.dev/schema/core/0.1#type" : [ {
    "@value" : "INTEGER"
  } ]
}, {
  "@id" : "urn:tr:field:postgresql/localhost/postgres/legacy/user_assignments/object_id",
  "http://schema.org/name" : [ {
    "@value" : "object_id"
  } ],
  "http://trawler.dev/schema/core/0.1#isNullable" : [ {
    "@value" : false
  } ],
  "http://trawler.dev/schema/core/0.1#relations" : [ ],
  "http://trawler.dev/schema/core/0.1#type" : [ {
    "@value" : "INTEGER"
  } ]
}, {
  "@id" : "urn:tr:field:postgresql/localhost/postgres/legacy/user_assignments/content_type_id",
  "http://schema.org/name" : [ {
    "@value" : "content_type_id"
  } ],
  "http://trawler.dev/schema/core/0.1#isNullable" : [ {
    "@value" : false
  } ],
  "http://trawler.dev/schema/core/0.1#relations" : [ {
[...]
  } ],
  "http://trawler.dev/schema/core/0.1#type" : [ {
    "@value" : "VARCHAR"
  } ]
}, {
  "@id" : "urn:tr:field:postgresql/localhost/postgres/public/djstripe_paymentmethod/alipay",
  "http://schema.org/name" : [ {
    "@value" : "alipay"
  } ],
  "http://trawler.dev/schema/core/0.1#isNullable" : [ {
    "@value" : true
  } ],
  "http://trawler.dev/schema/core/0.1#relations" : [ ],
  "http://trawler.dev/schema/core/0.1#type" : [ {
    "@value" : "JSONB"
  } ]
}, {
  "@id" : "urn:tr:field:postgresql/localhost/postgres/public/djstripe_paymentmethod/au_becs_debit",
  "http://schema.org/name" : [ {
    "@value" : "au_becs_debit"
  } ],
  "http://trawler.dev/schema/core/0.1#isNullable" : [ {
    "@value" : true
  } ],
  "http://trawler.dev/schema/core/0.1#relations" : [ ],
  "http://trawler.dev/schema/core/0.1#type" : [ {
    "@value" : "JSONB"
  } ]
}, {
  "@id" : "urn:tr:field:postgresql/localhost/postgres/public/djstripe_paymentmethod/bacs_debit",
  "http://schema.org/name" : [ {
    "@value" : "bacs_debit"
  } ],
  "http://trawler.dev/schema/core/0.1#isNullable" : [ {
    "@value" : true
  } ],
  "http://trawler.dev/schema/core/0.1#relations" : [ ],
  "http://trawler.dev/schema/core/0.1#type" : [ {
    "@value" : "JSONB"
  } ]
}, {
  "@id" : "urn:tr:field:postgresql/localhost/postgres/public/djstripe_paymentmethod/bancontact",
  "http://schema.org/name" : [ {
    "@value" : "bancontact"
  } ],
  "http://trawler.dev/schema/core/0.1#isNullable" : [ {
    "@value" : true
  } ],
  "http://trawler.dev/schema/core/0.1#relations" : [ ],
  "http://trawler.dev/schema/core/0.1#type" : [ {
    "@value" : "JSONB"
  } ]
}, {
  "@id" : "urn:tr:field:postgresql/localhost/postgres/public/djstripe_paymentmethod/eps",
  "http://schema.org/name" : [ {
    "@value" : "eps"
  } ],
  "http://trawler.dev/schema/core/0.1#isNullable" : [ {
    "@value" : true
  } ],
  "http://trawler.dev/schema/core/0.1#relations" : [ ],
  "http://trawler.dev/schema/core/0.1#type" : [ {
    "@value" : "JSONB"
  } ]
}, {
  "@id" : "urn:tr:field:postgresql/localhost/postgres/public/djstripe_paymentmethod/fpx",
  "http://schema.org/name" : [ {
    "@value" : "fpx"
  } ],
  "http://trawler.dev/schema/core/0.1#isNullable" : [ {
    "@value" : true
  } ],
  "http://trawler.dev/schema/core/0.1#relations" : [ ],
  "http://trawler.dev/schema/core/0.1#type" : [ {
    "@value" : "JSONB"
  } ]
}, {
  "@id" : "urn:tr:field:postgresql/localhost/postgres/public/djstripe_paymentmethod/giropay",
  "http://schema.org/name" : [ {
    "@value" : "giropay"
  } ],
  "http://trawler.dev/schema/core/0.1#isNullable" : [ {
    "@value" : true
  } ],
  "http://trawler.dev/schema/core/0.1#relations" : [ ],
  "http://trawler.dev/schema/core/0.1#type" : [ {
    "@value" : "JSONB"
  } ]
}, {
  "@id" : "urn:tr:field:postgresql/localhost/postgres/public/djstripe_paymentmethod/ideal",
  "http://schema.org/name" : [ {
    "@value" : "ideal"
  } ],
  "http://trawler.dev/schema/core/0.1#isNullable" : [ {
    "@value" : true
  } ],
  "http://trawler.dev/schema/core/0.1#relations" : [ ],
  "http://trawler.dev/schema/core/0.1#type" : [ {
    "@value" : "JSONB"
  } ]
}, {
  "@id" : "urn:tr:field:postgresql/localhost/postgres/public/djstripe_paymentmethod/interac_present",
  "http://schema.org/name" : [ {
    "@value" : "interac_present"
  } ],
  "http://trawler.dev/schema/core/0.1#isNullable" : [ {
    "@value" : true
  } ],
  "http://trawler.dev/schema/core/0.1#relations" : [ ],
  "http://trawler.dev/schema/core/0.1#type" : [ {
    "@value" : "JSONB"
  } ]
}, {
  "@id" : "urn:tr:field:postgresql/localhost/postgres/public/djstripe_paymentmethod/oxxo",
  "http://schema.org/name" : [ {
    "@value" : "oxxo"
  } ],
  "http://trawler.dev/schema/core/0.1#isNullable" : [ {
    "@value" : true
  } ],
  "http://trawler.dev/schema/core/0.1#relations" : [ ],
  "http://trawler.dev/schema/core/0.1#type" : [ {
    "@value" : "JSONB"
  } ]
}, {
  "@id" : "urn:tr:field:postgresql/localhost/postgres/public/djstripe_paymentmethod/p24",
  "http://schema.org/name" : [ {
    "@value" : "p24"
  } ],
  "http://trawler.dev/schema/core/0.1#isNullable" : [ {
    "@value" : true
  } ],
  "http://trawler.dev/schema/core/0.1#relations" : [ ],
  "http://trawler.dev/schema/core/0.1#type" : [ {
    "@value" : "JSONB"
  } ]
}, {
  "@id" : "urn:tr:field:postgresql/localhost/postgres/public/djstripe_paymentmethod/sepa_debit",
  "http://schema.org/name" : [ {
    "@value" : "sepa_debit"
  } ],
  "http://trawler.dev/schema/core/0.1#isNullable" : [ {
    "@value" : true
  } ],
  "http://trawler.dev/schema/core/0.1#relations" : [ ],
  "http://trawler.dev/schema/core/0.1#type" : [ {
    "@value" : "JSONB"
  } ]
}, {
  "@id" : "urn:tr:field:postgresql/localhost/postgres/public/djstripe_paymentmethod/sofort",
  "http://schema.org/name" : [ {
    "@value" : "sofort"
  } ],
  "http://trawler.dev/schema/core/0.1#isNullable" : [ {
    "@value" : true
  } ],
  "http://trawler.dev/schema/core/0.1#relations" : [ ],
  "http://trawler.dev/schema/core/0.1#type" : [ {
    "@value" : "JSONB"
  } ]
}, {
  "@id" : "urn:tr:constraint:postgresql/localhost/postgres/public/djstripe_paymentmethod/djstripe_paymentmeth_customer_id_c482a8b6_fk_djstripe_",
  "@type" : [ "tr:Constraint" ],
  "tr:hasFields" : [ {
    "@id" : "urn:tr:column:postgresql/localhost/postgres/public/djstripe_customer/id"
  } ]
}, {
  "@id" : "urn:tr:constraint:postgresql/localhost/postgres/public/djstripe_paymentmethod/djstripe_paymentmeth_djstripe_owner_accou_12af66c9_fk_djstripe_",
  "@type" : [ "tr:Constraint" ],
  "tr:hasFields" : [ {
    "@id" : "urn:tr:column:postgresql/localhost/postgres/public/djstripe_account/id"
  } ]
}, {
  "@id" : "urn:tr:table:postgresql/localhost/postgres/public/djstripe_taxid",
  "@type" : [ "http://trawler.dev/schema/core/0.1#Table" ],
  "http://schema.org/name" : [ {
    "@value" : "djstripe_taxid"
  } ],
  "http://trawler.dev/schema/core/0.1#hasFields" : [ {
    "@id" : "urn:tr:field:postgresql/localhost/postgres/public/djstripe_taxid/djstripe_id"
  }, {
    "@id" : "urn:tr:field:postgresql/localhost/postgres/public/djstripe_taxid/id"
  }, {
    "@id" : "urn:tr:field:postgresql/localhost/postgres/public/djstripe_taxid/livemode"
  }, {
    "@id" : "urn:tr:field:postgresql/localhost/postgres/public/djstripe_taxid/created"
  }, {
    "@id" : "urn:tr:field:postgresql/localhost/postgres/public/djstripe_taxid/djstripe_created"
  }, {
    "@id" : "urn:tr:field:postgresql/localhost/postgres/public/djstripe_taxid/djstripe_updated"
  }, {
    "@id" : "urn:tr:field:postgresql/localhost/postgres/public/djstripe_taxid/country"
  }, {
    "@id" : "urn:tr:field:postgresql/localhost/postgres/public/djstripe_taxid/type"
  }, {
    "@id" : "urn:tr:field:postgresql/localhost/postgres/public/djstripe_taxid/value"
  }, {
    "@id" : "urn:tr:field:postgresql/localhost/postgres/public/djstripe_taxid/verification"
  }, {
    "@id" : "urn:tr:field:postgresql/localhost/postgres/public/djstripe_taxid/customer_id"
  }, {
    "@id" : "urn:tr:field:postgresql/localhost/postgres/public/djstripe_taxid/djstripe_owner_account_id"
  } ]
}, {
  "@id" : "urn:tr:field:postgresql/localhost/postgres/public/djstripe_taxid/djstripe_id",
  "http://schema.org/name" : [ {
    "@value" : "djstripe_id"
  } ],
  "http://trawler.dev/schema/core/0.1#isNullable" : [ {
    "@value" : false
  } ],
  "http://trawler.dev/schema/core/0.1#relations" : [ ],
  "http://trawler.dev/schema/core/0.1#type" : [ {
    "@value" : "BIGINT"
  } ]
}, {
  "@id" : "urn:tr:field:postgresql/localhost/postgres/public/djstripe_taxid/id",
  "http://schema.org/name" : [ {
    "@value" : "id"
  } ],
  "http://trawler.dev/schema/core/0.1#isNullable" : [ {
    "@value" : false
  } ],
  "http://trawler.dev/schema/core/0.1#relations" : [ ],
  "http://trawler.dev/schema/core/0.1#type" : [ {
    "@value" : "VARCHAR"
  } ]
}, {
  "@id" : "urn:tr:field:postgresql/localhost/postgres/public/djstripe_taxid/livemode",
  "http://schema.org/name" : [ {
    "@value" : "livemode"
  } ],
  "http://trawler.dev/schema/core/0.1#isNullable" : [ {
    "@value" : true
  } ],
  "http://trawler.dev/schema/core/0.1#relations" : [ ],
  "http://trawler.dev/schema/core/0.1#type" : [ {
    "@value" : "BOOLEAN"
  } ]
}, {
  "@id" : "urn:tr:field:postgresql/localhost/postgres/public/djstripe_taxid/created",
  "http://schema.org/name" : [ {
    "@value" : "created"
  } ],
  "http://trawler.dev/schema/core/0.1#isNullable" : [ {
    "@value" : true
  } ],
  "http://trawler.dev/schema/core/0.1#relations" : [ ],
  "http://trawler.dev/schema/core/0.1#type" : [ {
    "@value" : "TIMESTAMP"
  } ]
}, {
  "@id" : "urn:tr:field:postgresql/localhost/postgres/public/djstripe_taxid/djstripe_created",
  "http://schema.org/name" : [ {
    "@value" : "djstripe_created"
  } ],
  "http://trawler.dev/schema/core/0.1#isNullable" : [ {
    "@value" : false
  } ],
  "http://trawler.dev/schema/core/0.1#relations" : [ ],
  "http://trawler.dev/schema/core/0.1#type" : [ {
    "@value" : "TIMESTAMP"
  } ]
}, {
  "@id" : "urn:tr:field:postgresql/localhost/postgres/public/djstripe_taxid/djstripe_updated",
  "http://schema.org/name" : [ {
    "@value" : "djstripe_updated"
  } ],
  "http://trawler.dev/schema/core/0.1#isNullable" : [ {
    "@value" : false
  } ],
  "http://trawler.dev/schema/core/0.1#relations" : [ ],
  "http://trawler.dev/schema/core/0.1#type" : [ {
    "@value" : "TIMESTAMP"
  } ]
}, {
  "@id" : "urn:tr:field:postgresql/localhost/postgres/public/djstripe_taxid/country",
  "http://schema.org/name" : [ {
    "@value" : "country"
  } ],
  "http://trawler.dev/schema/core/0.1#isNullable" : [ {
    "@value" : false
  } ],
  "http://trawler.dev/schema/core/0.1#relations" : [ ],
  "http://trawler.dev/schema/core/0.1#type" : [ {
    "@value" : "VARCHAR"
  } ]
}, {
  "@id" : "urn:tr:field:postgresql/localhost/postgres/public/djstripe_taxid/type",
  "http://schema.org/name" : [ {
    "@value" : "type"
  } ],
  "http://trawler.dev/schema/core/0.1#isNullable" : [ {
    "@value" : false
  } ],
  "http://trawler.dev/schema/core/0.1#relations" : [ ],
  "http://trawler.dev/schema/core/0.1#type" : [ {
    "@value" : "VARCHAR"
  } ]
}, {
  "@id" : "urn:tr:field:postgresql/localhost/postgres/public/djstripe_taxid/value",
  "http://schema.org/name" : [ {
    "@value" : "value"
  } ],
  "http://trawler.dev/schema/core/0.1#isNullable" : [ {
    "@value" : false
  } ],
  "http://trawler.dev/schema/core/0.1#relations" : [ ],
  "http://trawler.dev/schema/core/0.1#type" : [ {
    "@value" : "VARCHAR"
  } ]
}, {
  "@id" : "urn:tr:field:postgresql/localhost/postgres/public/djstripe_taxid/verification",
  "http://schema.org/name" : [ {
    "@value" : "verification"
  } ],
  "http://trawler.dev/schema/core/0.1#isNullable" : [ {
    "@value" : false
  } ],
  "http://trawler.dev/schema/core/0.1#relations" : [ ],
  "http://trawler.dev/schema/core/0.1#type" : [ {
    "@value" : "JSONB"
  } ]
}, {
  "@id" : "urn:tr:field:postgresql/localhost/postgres/public/djstripe_taxid/customer_id",
  "http://schema.org/name" : [ {
    "@value" : "customer_id"
  } ],
  "http://trawler.dev/schema/core/0.1#isNullable" : [ {
    "@value" : false
  } ],
  "http://trawler.dev/schema/core/0.1#relations" : [ {
    "@value" : "urn:tr:constraint:postgresql/localhost/postgres/public/djstripe_taxid/djstripe_taxid_customer_id_e973248d_fk_djstripe_customer_id"
  } ],
  "http://trawler.dev/schema/core/0.1#type" : [ {
    "@value" : "VARCHAR"
  } ]
}, {
  "@id" : "urn:tr:field:postgresql/localhost/postgres/public/djstripe_taxid/djstripe_owner_account_id",
  "http://schema.org/name" : [ {
    "@value" : "djstripe_owner_account_id"
  } ],
  "http://trawler.dev/schema/core/0.1#isNullable" : [ {
    "@value" : true
  } ],
  "http://trawler.dev/schema/core/0.1#relations" : [ {
    "@value" : "urn:tr:constraint:postgresql/localhost/postgres/public/djstripe_taxid/djstripe_taxid_djstripe_owner_accou_acff63ae_fk_djstripe_"
  } ],
  "http://trawler.dev/schema/core/0.1#type" : [ {
    "@value" : "VARCHAR"
  } ]
}, {
  "@id" : "urn:tr:constraint:postgresql/localhost/postgres/public/djstripe_taxid/djstripe_taxid_customer_id_e973248d_fk_djstripe_customer_id",
  "@type" : [ "tr:Constraint" ],
  "tr:hasFields" : [ {
    "@id" : "urn:tr:column:postgresql/localhost/postgres/public/djstripe_customer/id"
  } ]
}, {
  "@id" : "urn:tr:constraint:postgresql/localhost/postgres/public/djstripe_taxid/djstripe_taxid_djstripe_owner_accou_acff63ae_fk_djstripe_",
  "@type" : [ "tr:Constraint" ],
  "tr:hasFields" : [ {
    "@id" : "urn:tr:column:postgresql/localhost/postgres/public/djstripe_account/id"
  } ]
}, {
  "@id" : "urn:tr:table:postgresql/localhost/postgres/public/djstripe_apikey",
  "@type" : [ "http://trawler.dev/schema/core/0.1#Table" ],
  "http://schema.org/name" : [ {
    "@value" : "djstripe_apikey"
  } ],
  "http://trawler.dev/schema/core/0.1#hasFields" : [ {
    "@id" : "urn:tr:field:postgresql/localhost/postgres/public/djstripe_apikey/djstripe_id"
  }, {
    "@id" : "urn:tr:field:postgresql/localhost/postgres/public/djstripe_apikey/livemode"
  }, {
    "@id" : "urn:tr:field:postgresql/localhost/postgres/public/djstripe_apikey/created"
  }, {
    "@id" : "urn:tr:field:postgresql/localhost/postgres/public/djstripe_apikey/djstripe_created"
  }, {
    "@id" : "urn:tr:field:postgresql/localhost/postgres/public/djstripe_apikey/djstripe_updated"
  }, {
    "@id" : "urn:tr:field:postgresql/localhost/postgres/public/djstripe_apikey/id"
  }, {
    "@id" : "urn:tr:field:postgresql/localhost/postgres/public/djstripe_apikey/type"
  }, {
    "@id" : "urn:tr:field:postgresql/localhost/postgres/public/djstripe_apikey/name"
  }, {
    "@id" : "urn:tr:field:postgresql/localhost/postgres/public/djstripe_apikey/secret"
  }, {
    "@id" : "urn:tr:field:postgresql/localhost/postgres/public/djstripe_apikey/djstripe_owner_account_id"
  } ]
}, {
  "@id" : "urn:tr:field:postgresql/localhost/postgres/public/djstripe_apikey/djstripe_id",
  "http://schema.org/name" : [ {
    "@value" : "djstripe_id"
  } ],
  "http://trawler.dev/schema/core/0.1#isNullable" : [ {
    "@value" : false
  } ],
  "http://trawler.dev/schema/core/0.1#relations" : [ ],
  "http://trawler.dev/schema/core/0.1#type" : [ {
    "@value" : "BIGINT"
  } ]
}, {
  "@id" : "urn:tr:field:postgresql/localhost/postgres/public/djstripe_apikey/livemode",
  "http://schema.org/name" : [ {
    "@value" : "livemode"
  } ],
  "http://trawler.dev/schema/core/0.1#isNullable" : [ {
    "@value" : false
  } ],
  "http://trawler.dev/schema/core/0.1#relations" : [ ],
  "http://trawler.dev/schema/core/0.1#type" : [ {
    "@value" : "BOOLEAN"
  } ]
}, {
  "@id" : "urn:tr:field:postgresql/localhost/postgres/public/djstripe_apikey/created",
  "http://schema.org/name" : [ {
    "@value" : "created"
  } ],
  "http://trawler.dev/schema/core/0.1#isNullable" : [ {
    "@value" : true
  } ],
  "http://trawler.dev/schema/core/0.1#relations" : [ ],
  "http://trawler.dev/schema/core/0.1#type" : [ {
    "@value" : "TIMESTAMP"
  } ]
}, {
  "@id" : "urn:tr:field:postgresql/localhost/postgres/public/djstripe_apikey/djstripe_created",
  "http://schema.org/name" : [ {
    "@value" : "djstripe_created"
  } ],
  "http://trawler.dev/schema/core/0.1#isNullable" : [ {
    "@value" : false
  } ],
  "http://trawler.dev/schema/core/0.1#relations" : [ ],
  "http://trawler.dev/schema/core/0.1#type" : [ {
    "@value" : "TIMESTAMP"
  } ]
}, {
  "@id" : "urn:tr:field:postgresql/localhost/postgres/public/djstripe_apikey/djstripe_updated",
  "http://schema.org/name" : [ {
    "@value" : "djstripe_updated"
  } ],
  "http://trawler.dev/schema/core/0.1#isNullable" : [ {
    "@value" : false
  } ],
  "http://trawler.dev/schema/core/0.1#relations" : [ ],
  "http://trawler.dev/schema/core/0.1#type" : [ {
    "@value" : "TIMESTAMP"
  } ]
}, {
  "@id" : "urn:tr:field:postgresql/localhost/postgres/public/djstripe_apikey/id",
  "http://schema.org/name" : [ {
    "@value" : "id"
  } ],
  "http://trawler.dev/schema/core/0.1#isNullable" : [ {
    "@value" : false
  } ],
  "http://trawler.dev/schema/core/0.1#relations" : [ ],
  "http://trawler.dev/schema/core/0.1#type" : [ {
    "@value" : "VARCHAR"
  } ]
}, {
  "@id" : "urn:tr:field:postgresql/localhost/postgres/public/djstripe_apikey/type",
  "http://schema.org/name" : [ {
    "@value" : "type"
  } ],
  "http://trawler.dev/schema/core/0.1#isNullable" : [ {
    "@value" : false
  } ],
  "http://trawler.dev/schema/core/0.1#relations" : [ ],
  "http://trawler.dev/schema/core/0.1#type" : [ {
    "@value" : "VARCHAR"
  } ]
}, {
  "@id" : "urn:tr:field:postgresql/localhost/postgres/public/djstripe_apikey/name",
  "http://schema.org/name" : [ {
    "@value" : "name"
  } ],
  "http://trawler.dev/schema/core/0.1#isNullable" : [ {
    "@value" : false
  } ],
  "http://trawler.dev/schema/core/0.1#relations" : [ ],
  "http://trawler.dev/schema/core/0.1#type" : [ {
    "@value" : "VARCHAR"
  } ]
}, {
  "@id" : "urn:tr:field:postgresql/localhost/postgres/public/djstripe_apikey/secret",
  "http://schema.org/name" : [ {
    "@value" : "secret"
  } ],
  "http://trawler.dev/schema/core/0.1#isNullable" : [ {
    "@value" : false
  } ],
  "http://trawler.dev/schema/core/0.1#relations" : [ ],
  "http://trawler.dev/schema/core/0.1#type" : [ {
    "@value" : "VARCHAR"
  } ]
}, {
  "@id" : "urn:tr:field:postgresql/localhost/postgres/public/djstripe_apikey/djstripe_owner_account_id",
  "http://schema.org/name" : [ {
    "@value" : "djstripe_owner_account_id"
  } ],
  "http://trawler.dev/schema/core/0.1#isNullable" : [ {
    "@value" : true
  } ],
  "http://trawler.dev/schema/core/0.1#relations" : [ {
    "@value" : "urn:tr:constraint:postgresql/localhost/postgres/public/djstripe_apikey/djstripe_apikey_djstripe_owner_accou_037f32cb_fk_djstripe_"
  } ],
  "http://trawler.dev/schema/core/0.1#type" : [ {
    "@value" : "VARCHAR"
  } ]
}, {
  "@id" : "urn:tr:constraint:postgresql/localhost/postgres/public/djstripe_apikey/djstripe_apikey_djstripe_owner_accou_037f32cb_fk_djstripe_",
  "@type" : [ "tr:Constraint" ],
  "tr:hasFields" : [ {
    "@id" : "urn:tr:column:postgresql/localhost/postgres/public/djstripe_account/id"
  } ]
}, {
  "@id" : "urn:tr:table:postgresql/localhost/postgres/public/django_session",
  "@type" : [ "http://trawler.dev/schema/core/0.1#Table" ],
  "http://schema.org/name" : [ {
    "@value" : "django_session"
  } ],
  "http://trawler.dev/schema/core/0.1#hasFields" : [ {
    "@id" : "urn:tr:field:postgresql/localhost/postgres/public/django_session/session_key"
  }, {
    "@id" : "urn:tr:field:postgresql/localhost/postgres/public/django_session/session_data"
  }, {
    "@id" : "urn:tr:field:postgresql/localhost/postgres/public/django_session/expire_date"
  } ]
}, {
  "@id" : "urn:tr:field:postgresql/localhost/postgres/public/django_session/session_key",
  "http://schema.org/name" : [ {
    "@value" : "session_key"
  } ],
  "http://trawler.dev/schema/core/0.1#isNullable" : [ {
    "@value" : false
  } ],
  "http://trawler.dev/schema/core/0.1#relations" : [ ],
  "http://trawler.dev/schema/core/0.1#type" : [ {
    "@value" : "VARCHAR"
  } ]
}, {
  "@id" : "urn:tr:field:postgresql/localhost/postgres/public/django_session/session_data",
  "http://schema.org/name" : [ {
    "@value" : "session_data"
  } ],
  "http://trawler.dev/schema/core/0.1#isNullable" : [ {
    "@value" : false
  } ],
  "http://trawler.dev/schema/core/0.1#relations" : [ ],
  "http://trawler.dev/schema/core/0.1#type" : [ {
    "@value" : "TEXT"
  } ]
}, {
  "@id" : "urn:tr:field:postgresql/localhost/postgres/public/django_session/expire_date",
  "http://schema.org/name" : [ {
    "@value" : "expire_date"
  } ],
  "http://trawler.dev/schema/core/0.1#isNullable" : [ {
    "@value" : false
  } ],
  "http://trawler.dev/schema/core/0.1#relations" : [ ],
  "http://trawler.dev/schema/core/0.1#type" : [ {
    "@value" : "TIMESTAMP"
  } ]
} ]
]]></system-out>
  <system-err><![CDATA[]]></system-err>
</testsuite>
